20:02:08:083 [TestNG-tests-1] INFO  testCases.TC001_AccountRegistrationTest -****checked privacypolicy***
20:02:09:097 [TestNG-tests-2] INFO  testCases.TC001_AccountRegistrationTest -****Setted password***
20:02:24:244 [TestNG-tests-2] INFO  testCases.TC001_AccountRegistrationTest -****Setted conform password***
20:02:41:415 [TestNG-tests-2] INFO  testCases.TC001_AccountRegistrationTest -****clicked on no at subcribed***
20:02:53:537 [TestNG-tests-2] INFO  testCases.TC001_AccountRegistrationTest -****checked privacypolicy***
20:02:31:318 [TestNG-tests-1] INFO  testCases.TC001_AccountRegistrationTest -****Submitted the data...***
20:02:35:358 [TestNG-tests-2] INFO  testCases.TC001_AccountRegistrationTest -****Submitted the data...***
20:02:36:360 [TestNG-tests-1] INFO  testCases.TC001_AccountRegistrationTest -****finished Test--TC001_AccountRegistrationTest***
20:02:41:415 [TestNG-tests-2] INFO  testCases.TC001_AccountRegistrationTest -****finished Test--TC001_AccountRegistrationTest***
20:02:63:638 [main] DEBUG org.testng.TestNG -suiteXmlPath: "C:\Selenium-workspace\OpenCartV121\t001crossbrowsertesting.xml"
20:02:85:854 [main] INFO  org.testng.internal.Utils -[TestNG] Running:
  C:\Selenium-workspace\OpenCartV121\t001crossbrowsertesting.xml

20:02:93:930 [TestNG-tests-3] INFO  testCases.TC001_AccountRegistrationTest -****Started Test--TC001_AccountRegistrationTest***
20:02:93:930 [TestNG-tests-1] INFO  testCases.TC001_AccountRegistrationTest -****Started Test--TC001_AccountRegistrationTest***
20:02:95:958 [TestNG-tests-3] INFO  testCases.TC001_AccountRegistrationTest -****loaded driver***
20:02:95:958 [TestNG-tests-1] INFO  testCases.TC001_AccountRegistrationTest -****loaded driver***
20:02:05:053 [main] DEBUG org.testng.TestNG -suiteXmlPath: "C:\Selenium-workspace\OpenCartV121\t001crossbrowsertesting.xml"
20:02:24:242 [main] INFO  org.testng.internal.Utils -[TestNG] Running:
  C:\Selenium-workspace\OpenCartV121\t001crossbrowsertesting.xml

20:02:30:306 [TestNG-tests-1] INFO  testCases.TC001_AccountRegistrationTest -****Started Test--TC001_AccountRegistrationTest***
20:02:30:306 [TestNG-tests-3] INFO  testCases.TC001_AccountRegistrationTest -****Started Test--TC001_AccountRegistrationTest***
20:02:32:324 [TestNG-tests-3] INFO  testCases.TC001_AccountRegistrationTest -****loaded driver***
20:02:32:324 [TestNG-tests-1] INFO  testCases.TC001_AccountRegistrationTest -****loaded driver***
20:02:16:162 [main] DEBUG org.testng.TestNG -suiteXmlPath: "C:\Selenium-workspace\OpenCartV121\t001crossbrowsertesting.xml"
20:02:35:355 [main] INFO  org.testng.internal.Utils -[TestNG] Running:
  C:\Selenium-workspace\OpenCartV121\t001crossbrowsertesting.xml

20:02:42:426 [TestNG-tests-3] INFO  testCases.TC001_AccountRegistrationTest -****Started Test--TC001_AccountRegistrationTest***
20:02:44:446 [TestNG-tests-3] INFO  testCases.TC001_AccountRegistrationTest -****loaded driver***
20:02:80:807 [main] DEBUG org.testng.TestNG -suiteXmlPath: "C:\Selenium-workspace\OpenCartV121\t001crossbrowsertesting.xml"
20:02:00:003 [main] INFO  org.testng.internal.Utils -[TestNG] Running:
  C:\Selenium-workspace\OpenCartV121\t001crossbrowsertesting.xml

20:02:07:073 [TestNG-tests-3] INFO  testCases.TC001_AccountRegistrationTest -****Started Test--TC001_AccountRegistrationTest***
20:02:09:094 [TestNG-tests-3] INFO  testCases.TC001_AccountRegistrationTest -****loaded driver***
20:02:91:916 [main] DEBUG org.testng.TestNG -suiteXmlPath: "C:\Selenium-workspace\OpenCartV121\t001crossbrowsertesting.xml"
20:02:12:123 [main] INFO  org.testng.internal.Utils -[TestNG] Running:
  C:\Selenium-workspace\OpenCartV121\t001crossbrowsertesting.xml

20:02:19:193 [TestNG-tests-3] INFO  testCases.TC001_AccountRegistrationTest -****Started Te st--TC001_AccountRegistrationTest***
20:02:21:217 [TestNG-tests-3] INFO  testCases.TC001_AccountRegistrationTest -****loaded driver***
20:02:27:278 [main] DEBUG org.testng.TestNG -suiteXmlPath: "C:\Selenium-workspace\OpenCartV121\t001crossbrowsertesting.xml"
20:02:46:465 [main] INFO  org.testng.internal.Utils -[TestNG] Running:
  C:\Selenium-workspace\OpenCartV121\t001crossbrowsertesting.xml

20:02:50:508 [main] DEBUG org.testng.TestNG -suiteXmlPath: "C:\Selenium-workspace\OpenCartV121\t001crossbrowsertesting.xml"
20:02:72:720 [main] INFO  org.testng.internal.Utils -[TestNG] Running:
  C:\Selenium-workspace\OpenCartV121\t001crossbrowsertesting.xml

20:02:89:890 [main] DEBUG org.testng.TestNG -suiteXmlPath: "C:\Selenium-workspace\OpenCartV121\t001master.xml"
20:02:06:069 [main] INFO  org.testng.internal.Utils -[TestNG] Running:
  C:\Selenium-workspace\OpenCartV121\t001master.xml

20:02:18:181 [TestNG-test-Testchrome-1] INFO  testCases.TC001_AccountRegistrationTest -****Started Test--TC001_AccountRegistrationTest***
20:02:20:204 [TestNG-test-Testchrome-1] INFO  testCases.TC001_AccountRegistrationTest -****loaded driver***
20:02:28:287 [TestNG-test-Testchrome-1] INFO  testCases.TC001_AccountRegistrationTest -****clicked on myaccount***
20:02:60:601 [TestNG-test-Testchrome-1] INFO  testCases.TC001_AccountRegistrationTest -****clicked on register***
20:02:60:603 [TestNG-test-Testchrome-1] INFO  testCases.TC001_AccountRegistrationTest -****Redirected to account registration page***
20:02:68:687 [TestNG-test-Testchrome-1] INFO  testCases.TC001_AccountRegistrationTest -****Setted first name***
20:02:74:749 [TestNG-test-Testchrome-1] INFO  testCases.TC001_AccountRegistrationTest -****Setted last name***
20:02:80:808 [TestNG-test-Testchrome-1] INFO  testCases.TC001_AccountRegistrationTest -****Setted email***
20:02:87:871 [TestNG-test-Testchrome-1] INFO  testCases.TC001_AccountRegistrationTest -****Setted telephone***
20:02:93:930 [TestNG-test-Testchrome-1] INFO  testCases.TC001_AccountRegistrationTest -****Setted password***
20:02:99:992 [TestNG-test-Testchrome-1] INFO  testCases.TC001_AccountRegistrationTest -****Setted conform password***
20:02:05:056 [TestNG-test-Testchrome-1] INFO  testCases.TC001_AccountRegistrationTest -****clicked on no at subcribed***
20:02:11:113 [TestNG-test-Testchrome-1] INFO  testCases.TC001_AccountRegistrationTest -****checked privacypolicy***
20:02:28:289 [TestNG-test-Testchrome-1] INFO  testCases.TC001_AccountRegistrationTest -****Submitted the data...***
20:02:32:321 [TestNG-test-Testchrome-1] INFO  testCases.TC001_AccountRegistrationTest -****finished Test--TC001_AccountRegistrationTest***
20:02:60:603 [main] DEBUG org.testng.TestNG -suiteXmlPath: "C:\Selenium-workspace\OpenCartV121\t001crossbrowsertesting.xml"
20:02:79:797 [main] INFO  org.testng.internal.Utils -[TestNG] Running:
  C:\Selenium-workspace\OpenCartV121\t001crossbrowsertesting.xml

20:02:81:815 [main] DEBUG org.testng.TestNG -suiteXmlPath: "C:\Selenium-workspace\OpenCartV121\t001crossbrowsertesting.xml"
20:02:00:008 [main] INFO  org.testng.internal.Utils -[TestNG] Running:
  C:\Selenium-workspace\OpenCartV121\t001crossbrowsertesting.xml

20:02:50:502 [main] DEBUG org.testng.TestNG -suiteXmlPath: "C:\Selenium-workspace\OpenCartV121\t001crossbrowsertesting.xml"
20:02:70:700 [main] INFO  org.testng.internal.Utils -[TestNG] Running:
  C:\Selenium-workspace\OpenCartV121\t001crossbrowsertesting.xml

20:02:15:157 [main] DEBUG org.testng.TestNG -suiteXmlPath: "C:\Selenium-workspace\OpenCartV121\t001crossbrowsertesting.xml"
20:02:34:343 [main] INFO  org.testng.internal.Utils -[TestNG] Running:
  C:\Selenium-workspace\OpenCartV121\t001crossbrowsertesting.xml

21:02:87:871 [main] DEBUG org.testng.TestNG -suiteXmlPath: "C:\Selenium-workspace\OpenCartV121\t001crossbrowsertesting.xml"
21:02:07:070 [main] INFO  org.testng.internal.Utils -[TestNG] Running:
  C:\Selenium-workspace\OpenCartV121\t001crossbrowsertesting.xml

21:02:68:682 [main] INFO  testCases.TC001_AccountRegistrationTest -****Started Test--TC001_AccountRegistrationTest***
21:02:70:705 [main] INFO  testCases.TC001_AccountRegistrationTest -****loaded driver***
21:02:77:777 [main] INFO  testCases.TC001_AccountRegistrationTest -****clicked on myaccount***
21:02:05:058 [main] INFO  testCases.TC001_AccountRegistrationTest -****clicked on register***
21:02:06:061 [main] INFO  testCases.TC001_AccountRegistrationTest -****Redirected to account registration page***
21:02:13:135 [main] INFO  testCases.TC001_AccountRegistrationTest -****Setted first name***
21:02:18:188 [main] INFO  testCases.TC001_AccountRegistrationTest -****Setted last name***
21:02:25:250 [main] INFO  testCases.TC001_AccountRegistrationTest -****Setted email***
21:02:30:305 [main] INFO  testCases.TC001_AccountRegistrationTest -****Setted telephone***
21:02:35:358 [main] INFO  testCases.TC001_AccountRegistrationTest -****Setted password***
21:02:41:411 [main] INFO  testCases.TC001_AccountRegistrationTest -****Setted conform password***
21:02:46:461 [main] INFO  testCases.TC001_AccountRegistrationTest -****clicked on no at subcribed***
21:02:51:515 [main] INFO  testCases.TC001_AccountRegistrationTest -****checked privacypolicy***
21:02:23:235 [main] INFO  testCases.TC001_AccountRegistrationTest -****Submitted the data...***
21:02:28:284 [main] ERROR testCases.TC001_AccountRegistrationTest -Test failed
21:02:28:285 [main] DEBUG testCases.TC001_AccountRegistrationTest -Debug logger
21:02:80:801 [main] INFO  testCases.TC001_AccountRegistrationTest -****Started Test--TC001_AccountRegistrationTest***
21:02:80:801 [main] INFO  testCases.TC001_AccountRegistrationTest -****loaded driver***
21:02:92:920 [main] INFO  testCases.TC001_AccountRegistrationTest -****clicked on myaccount***
21:02:30:309 [main] INFO  testCases.TC001_AccountRegistrationTest -****clicked on register***
21:02:30:309 [main] INFO  testCases.TC001_AccountRegistrationTest -****Redirected to account registration page***
21:02:34:347 [main] INFO  testCases.TC001_AccountRegistrationTest -****Setted first name***
21:02:38:383 [main] INFO  testCases.TC001_AccountRegistrationTest -****Setted last name***
21:02:42:423 [main] INFO  testCases.TC001_AccountRegistrationTest -****Setted email***
21:02:45:456 [main] INFO  testCases.TC001_AccountRegistrationTest -****Setted telephone***
21:02:48:489 [main] INFO  testCases.TC001_AccountRegistrationTest -****Setted password***
21:02:53:532 [main] INFO  testCases.TC001_AccountRegistrationTest -****Setted conform password***
21:02:61:619 [main] INFO  testCases.TC001_AccountRegistrationTest -****clicked on no at subcribed***
21:02:69:695 [main] INFO  testCases.TC001_AccountRegistrationTest -****checked privacypolicy***
21:02:71:719 [main] INFO  testCases.TC001_AccountRegistrationTest -****Submitted the data...***
21:02:48:480 [main] INFO  testCases.TC001_AccountRegistrationTest -****finished Test--TC001_AccountRegistrationTest***
21:02:18:185 [main] INFO  testCases.TC001_AccountRegistrationTest -****Started Test--TC001_AccountRegistrationTest***
21:02:18:185 [main] INFO  testCases.TC001_AccountRegistrationTest -****loaded driver***
21:02:27:278 [main] INFO  testCases.TC001_AccountRegistrationTest -****clicked on myaccount***
21:02:56:567 [main] INFO  testCases.TC001_AccountRegistrationTest -****clicked on register***
21:02:56:568 [main] INFO  testCases.TC001_AccountRegistrationTest -****Redirected to account registration page***
21:02:63:639 [main] INFO  testCases.TC001_AccountRegistrationTest -****Setted first name***
21:02:69:692 [main] INFO  testCases.TC001_AccountRegistrationTest -****Setted last name***
21:02:74:746 [main] INFO  testCases.TC001_AccountRegistrationTest -****Setted email***
21:02:79:794 [main] INFO  testCases.TC001_AccountRegistrationTest -****Setted telephone***
21:02:84:846 [main] INFO  testCases.TC001_AccountRegistrationTest -****Setted password***
21:02:89:898 [main] INFO  testCases.TC001_AccountRegistrationTest -****Setted conform password***
21:02:95:959 [main] INFO  testCases.TC001_AccountRegistrationTest -****clicked on no at subcribed***
21:02:01:012 [main] INFO  testCases.TC001_AccountRegistrationTest -****checked privacypolicy***
21:02:71:711 [main] INFO  testCases.TC001_AccountRegistrationTest -****Submitted the data...***
21:02:73:731 [main] INFO  testCases.TC001_AccountRegistrationTest -****finished Test--TC001_AccountRegistrationTest***
21:02:38:388 [main] DEBUG org.testng.TestNG -suiteXmlPath: "C:\Selenium-workspace\OpenCartV121\t001crossbrowsertesting.xml"
21:02:58:580 [main] INFO  org.testng.internal.Utils -[TestNG] Running:
  C:\Selenium-workspace\OpenCartV121\t001crossbrowsertesting.xml

21:02:03:034 [TestNG-tests-1] INFO  testCases.TC001_AccountRegistrationTest -****Started Test--TC001_AccountRegistrationTest***
21:02:03:034 [TestNG-tests-3] INFO  testCases.TC001_AccountRegistrationTest -****Started Test--TC001_AccountRegistrationTest***
21:02:05:059 [TestNG-tests-1] INFO  testCases.TC001_AccountRegistrationTest -****loaded driver***
21:02:05:059 [TestNG-tests-3] INFO  testCases.TC001_AccountRegistrationTest -****loaded driver***
21:02:19:191 [TestNG-tests-3] INFO  testCases.TC001_AccountRegistrationTest -****clicked on myaccount***
21:02:24:245 [TestNG-tests-1] INFO  testCases.TC001_AccountRegistrationTest -****clicked on myaccount***
21:02:26:261 [TestNG-tests-2] INFO  testCases.TC001_AccountRegistrationTest -****Started Test--TC001_AccountRegistrationTest***
21:02:26:261 [TestNG-tests-2] INFO  testCases.TC001_AccountRegistrationTest -****loaded driver***
21:02:38:384 [TestNG-tests-2] INFO  testCases.TC001_AccountRegistrationTest -****clicked on myaccount***
21:02:72:723 [TestNG-tests-2] INFO  testCases.TC001_AccountRegistrationTest -****clicked on register***
21:02:72:725 [TestNG-tests-2] INFO  testCases.TC001_AccountRegistrationTest -****Redirected to account registration page***
21:02:77:779 [TestNG-tests-2] INFO  testCases.TC001_AccountRegistrationTest -****Setted first name***
21:02:89:896 [TestNG-tests-2] INFO  testCases.TC001_AccountRegistrationTest -****Setted last name***
21:02:94:943 [TestNG-tests-2] INFO  testCases.TC001_AccountRegistrationTest -****Setted email***
21:02:98:982 [TestNG-tests-2] INFO  testCases.TC001_AccountRegistrationTest -****Setted telephone***
21:02:02:022 [TestNG-tests-2] INFO  testCases.TC001_AccountRegistrationTest -****Setted password***
21:02:06:069 [TestNG-tests-2] INFO  testCases.TC001_AccountRegistrationTest -****Setted conform password***
21:02:15:153 [TestNG-tests-2] INFO  testCases.TC001_AccountRegistrationTest -****clicked on no at subcribed***
21:02:23:234 [TestNG-tests-2] INFO  testCases.TC001_AccountRegistrationTest -****checked privacypolicy***
21:02:25:253 [TestNG-tests-2] INFO  testCases.TC001_AccountRegistrationTest -****Submitted the data...***
21:02:01:015 [TestNG-tests-2] INFO  testCases.TC001_AccountRegistrationTest -****finished Test--TC001_AccountRegistrationTest***
21:02:07:079 [TestNG-tests-1] INFO  testCases.TC001_AccountRegistrationTest -****clicked on register***
21:02:08:080 [TestNG-tests-1] INFO  testCases.TC001_AccountRegistrationTest -****Redirected to account registration page***
21:02:16:168 [main] DEBUG org.testng.TestNG -suiteXmlPath: "C:\Selenium-workspace\OpenCartV121\t001crossbrowsertesting.xml"
21:02:36:363 [main] INFO  org.testng.internal.Utils -[TestNG] Running:
  C:\Selenium-workspace\OpenCartV121\t001crossbrowsertesting.xml

21:02:71:711 [TestNG-tests-3] INFO  testCases.TC001_AccountRegistrationTest -****Started Test--TC001_AccountRegistrationTest***
21:02:74:741 [TestNG-tests-3] INFO  testCases.TC001_AccountRegistrationTest -****loaded driver***
21:02:86:861 [TestNG-tests-1] INFO  testCases.TC001_AccountRegistrationTest -****Started Test--TC001_AccountRegistrationTest***
21:02:86:862 [TestNG-tests-1] INFO  testCases.TC001_AccountRegistrationTest -****loaded driver***
21:02:92:927 [TestNG-tests-3] INFO  testCases.TC001_AccountRegistrationTest -****clicked on myaccount***
21:02:03:031 [TestNG-tests-1] INFO  testCases.TC001_AccountRegistrationTest -****clicked on myaccount***
21:02:43:436 [TestNG-tests-3] INFO  testCases.TC001_AccountRegistrationTest -****clicked on register***
21:02:44:440 [TestNG-tests-3] INFO  testCases.TC001_AccountRegistrationTest -****Redirected to account registration page***
21:02:48:486 [TestNG-tests-1] INFO  testCases.TC001_AccountRegistrationTest -****clicked on register***
21:02:48:487 [TestNG-tests-1] INFO  testCases.TC001_AccountRegistrationTest -****Redirected to account registration page***
21:02:54:545 [TestNG-tests-3] INFO  testCases.TC001_AccountRegistrationTest -****Setted first name***
21:02:58:588 [TestNG-tests-1] INFO  testCases.TC001_AccountRegistrationTest -****Setted first name***
21:02:66:665 [TestNG-tests-3] INFO  testCases.TC001_AccountRegistrationTest -****Setted last name***
21:02:68:684 [TestNG-tests-1] INFO  testCases.TC001_AccountRegistrationTest -****Setted last name***
21:02:76:767 [TestNG-tests-3] INFO  testCases.TC001_AccountRegistrationTest -****Setted email***
21:02:78:788 [TestNG-tests-1] INFO  testCases.TC001_AccountRegistrationTest -****Setted email***
21:02:85:853 [TestNG-tests-3] INFO  testCases.TC001_AccountRegistrationTest -****Setted telephone***
21:02:87:870 [TestNG-tests-1] INFO  testCases.TC001_AccountRegistrationTest -****Setted telephone***
21:02:96:965 [TestNG-tests-1] INFO  testCases.TC001_AccountRegistrationTest -****Setted password***
21:02:97:971 [TestNG-tests-3] INFO  testCases.TC001_AccountRegistrationTest -****Setted password***
21:02:06:063 [TestNG-tests-1] INFO  testCases.TC001_AccountRegistrationTest -****Setted conform password***
21:02:07:078 [TestNG-tests-3] INFO  testCases.TC001_AccountRegistrationTest -****Setted conform password***
21:02:13:135 [TestNG-tests-1] INFO  testCases.TC001_AccountRegistrationTest -****clicked on no at subcribed***
21:02:16:160 [TestNG-tests-3] INFO  testCases.TC001_AccountRegistrationTest -****clicked on no at subcribed***
21:02:21:218 [TestNG-tests-1] INFO  testCases.TC001_AccountRegistrationTest -****checked privacypolicy***
21:02:24:240 [TestNG-tests-3] INFO  testCases.TC001_AccountRegistrationTest -****checked privacypolicy***
21:02:28:285 [TestNG-tests-1] INFO  testCases.TC001_AccountRegistrationTest -****Submitted the data...***
21:02:39:396 [TestNG-tests-1] INFO  testCases.TC001_AccountRegistrationTest -****finished Test--TC001_AccountRegistrationTest***
21:02:63:633 [TestNG-tests-3] INFO  testCases.TC001_AccountRegistrationTest -****Submitted the data...***
21:02:68:688 [TestNG-tests-3] INFO  testCases.TC001_AccountRegistrationTest -****finished Test--TC001_AccountRegistrationTest***
21:02:64:644 [TestNG-tests-2] INFO  testCases.TC001_AccountRegistrationTest -****Started Test--TC001_AccountRegistrationTest***
21:02:64:645 [TestNG-tests-2] INFO  testCases.TC001_AccountRegistrationTest -****loaded driver***
21:02:81:810 [TestNG-tests-2] INFO  testCases.TC001_AccountRegistrationTest -****clicked on myaccount***
21:02:22:220 [TestNG-tests-2] INFO  testCases.TC001_AccountRegistrationTest -****clicked on register***
21:02:22:221 [TestNG-tests-2] INFO  testCases.TC001_AccountRegistrationTest -****Redirected to account registration page***
21:02:25:257 [TestNG-tests-2] INFO  testCases.TC001_AccountRegistrationTest -****Setted first name***
21:02:33:338 [TestNG-tests-2] INFO  testCases.TC001_AccountRegistrationTest -****Setted last name***
21:02:38:382 [TestNG-tests-2] INFO  testCases.TC001_AccountRegistrationTest -****Setted email***
21:02:43:439 [TestNG-tests-2] INFO  testCases.TC001_AccountRegistrationTest -****Setted telephone***
21:02:49:491 [TestNG-tests-2] INFO  testCases.TC001_AccountRegistrationTest -****Setted password***
21:02:53:534 [TestNG-tests-2] INFO  testCases.TC001_AccountRegistrationTest -****Setted conform password***
21:02:63:634 [TestNG-tests-2] INFO  testCases.TC001_AccountRegistrationTest -****clicked on no at subcribed***
21:02:70:702 [TestNG-tests-2] INFO  testCases.TC001_AccountRegistrationTest -****checked privacypolicy***
21:02:72:724 [TestNG-tests-2] INFO  testCases.TC001_AccountRegistrationTest -****Submitted the data...***
21:02:47:474 [TestNG-tests-2] INFO  testCases.TC001_AccountRegistrationTest -****finished Test--TC001_AccountRegistrationTest***
21:02:08:087 [main] DEBUG org.testng.TestNG -suiteXmlPath: "C:\Selenium-workspace\OpenCartV121\t001crossbrowsertesting.xml"
21:02:28:281 [main] INFO  org.testng.internal.Utils -[TestNG] Running:
  C:\Selenium-workspace\OpenCartV121\t001crossbrowsertesting.xml

21:02:66:667 [TestNG-tests-1] INFO  testCases.TC001_AccountRegistrationTest -****Started Test--TC001_AccountRegistrationTest***
21:02:69:690 [TestNG-tests-1] INFO  testCases.TC001_AccountRegistrationTest -****loaded driver***
21:02:79:793 [TestNG-tests-1] INFO  testCases.TC001_AccountRegistrationTest -****clicked on myaccount***
21:02:85:858 [TestNG-tests-3] INFO  testCases.TC001_AccountRegistrationTest -****Started Test--TC001_AccountRegistrationTest***
21:02:85:858 [TestNG-tests-3] INFO  testCases.TC001_AccountRegistrationTest -****loaded driver***
21:02:99:992 [TestNG-tests-3] INFO  testCases.TC001_AccountRegistrationTest -****clicked on myaccount***
21:02:14:140 [TestNG-tests-1] INFO  testCases.TC001_AccountRegistrationTest -****clicked on register***
21:02:14:143 [TestNG-tests-1] INFO  testCases.TC001_AccountRegistrationTest -****Redirected to account registration page***
21:02:23:233 [TestNG-tests-1] INFO  testCases.TC001_AccountRegistrationTest -****Setted first name***
21:02:29:296 [TestNG-tests-1] INFO  testCases.TC001_AccountRegistrationTest -****Setted last name***
21:02:37:373 [TestNG-tests-1] INFO  testCases.TC001_AccountRegistrationTest -****Setted email***
21:02:43:436 [TestNG-tests-3] INFO  testCases.TC001_AccountRegistrationTest -****clicked on register***
21:02:43:436 [TestNG-tests-3] INFO  testCases.TC001_AccountRegistrationTest -****Redirected to account registration page***
21:02:45:452 [TestNG-tests-1] INFO  testCases.TC001_AccountRegistrationTest -****Setted telephone***
21:02:52:528 [TestNG-tests-3] INFO  testCases.TC001_AccountRegistrationTest -****Setted first name***
21:02:54:541 [TestNG-tests-1] INFO  testCases.TC001_AccountRegistrationTest -****Setted password***
21:02:60:604 [TestNG-tests-3] INFO  testCases.TC001_AccountRegistrationTest -****Setted last name***
21:02:61:615 [TestNG-tests-1] INFO  testCases.TC001_AccountRegistrationTest -****Setted conform password***
21:02:68:682 [TestNG-tests-3] INFO  testCases.TC001_AccountRegistrationTest -****Setted email***
21:02:70:701 [TestNG-tests-1] INFO  testCases.TC001_AccountRegistrationTest -****clicked on no at subcribed***
21:02:75:756 [TestNG-tests-3] INFO  testCases.TC001_AccountRegistrationTest -****Setted telephone***
21:02:79:790 [TestNG-tests-1] INFO  testCases.TC001_AccountRegistrationTest -****checked privacypolicy***
21:02:84:841 [TestNG-tests-3] INFO  testCases.TC001_AccountRegistrationTest -****Setted password***
21:02:90:902 [TestNG-tests-3] INFO  testCases.TC001_AccountRegistrationTest -****Setted conform password***
21:02:97:974 [TestNG-tests-3] INFO  testCases.TC001_AccountRegistrationTest -****clicked on no at subcribed***
21:02:04:043 [TestNG-tests-3] INFO  testCases.TC001_AccountRegistrationTest -****checked privacypolicy***
21:02:93:936 [TestNG-tests-1] INFO  testCases.TC001_AccountRegistrationTest -****Submitted the data...***
21:02:97:971 [TestNG-tests-1] INFO  testCases.TC001_AccountRegistrationTest -****finished Test--TC001_AccountRegistrationTest***
21:02:04:044 [TestNG-tests-3] INFO  testCases.TC001_AccountRegistrationTest -****Submitted the data...***
21:02:07:075 [TestNG-tests-3] INFO  testCases.TC001_AccountRegistrationTest -****finished Test--TC001_AccountRegistrationTest***
21:02:48:487 [main] DEBUG org.testng.TestNG -suiteXmlPath: "C:\Selenium-workspace\OpenCartV121\t001crossbrowsertesting.xml"
21:02:69:699 [main] INFO  org.testng.internal.Utils -[TestNG] Running:
  C:\Selenium-workspace\OpenCartV121\t001crossbrowsertesting.xml

21:02:10:108 [TestNG-tests-1] INFO  testCases.TC001_AccountRegistrationTest -****Started Test--TC001_AccountRegistrationTest***
21:02:13:135 [TestNG-tests-1] INFO  testCases.TC001_AccountRegistrationTest -****loaded driver***
21:02:24:240 [TestNG-tests-1] INFO  testCases.TC001_AccountRegistrationTest -****clicked on myaccount***
21:02:31:311 [TestNG-tests-3] INFO  testCases.TC001_AccountRegistrationTest -****Started Test--TC001_AccountRegistrationTest***
21:02:31:312 [TestNG-tests-3] INFO  testCases.TC001_AccountRegistrationTest -****loaded driver***
21:02:42:427 [TestNG-tests-3] INFO  testCases.TC001_AccountRegistrationTest -****clicked on myaccount***
21:02:60:608 [TestNG-tests-1] INFO  testCases.TC001_AccountRegistrationTest -****clicked on register***
21:02:61:612 [TestNG-tests-1] INFO  testCases.TC001_AccountRegistrationTest -****Redirected to account registration page***
21:02:70:706 [TestNG-tests-1] INFO  testCases.TC001_AccountRegistrationTest -****Setted first name***
21:02:78:781 [TestNG-tests-1] INFO  testCases.TC001_AccountRegistrationTest -****Setted last name***
21:02:79:790 [TestNG-tests-3] INFO  testCases.TC001_AccountRegistrationTest -****clicked on register***
21:02:79:791 [TestNG-tests-3] INFO  testCases.TC001_AccountRegistrationTest -****Redirected to account registration page***
21:02:86:864 [TestNG-tests-1] INFO  testCases.TC001_AccountRegistrationTest -****Setted email***
21:02:89:892 [TestNG-tests-3] INFO  testCases.TC001_AccountRegistrationTest -****Setted first name***
21:02:95:954 [TestNG-tests-1] INFO  testCases.TC001_AccountRegistrationTest -****Setted telephone***
21:02:96:963 [TestNG-tests-3] INFO  testCases.TC001_AccountRegistrationTest -****Setted last name***
21:02:02:023 [TestNG-tests-1] INFO  testCases.TC001_AccountRegistrationTest -****Setted password***
21:02:04:040 [TestNG-tests-3] INFO  testCases.TC001_AccountRegistrationTest -****Setted email***
21:02:09:094 [TestNG-tests-1] INFO  testCases.TC001_AccountRegistrationTest -****Setted conform password***
21:02:11:113 [TestNG-tests-3] INFO  testCases.TC001_AccountRegistrationTest -****Setted telephone***
21:02:16:168 [TestNG-tests-1] INFO  testCases.TC001_AccountRegistrationTest -****clicked on no at subcribed***
21:02:18:184 [TestNG-tests-3] INFO  testCases.TC001_AccountRegistrationTest -****Setted password***
21:02:24:244 [TestNG-tests-1] INFO  testCases.TC001_AccountRegistrationTest -****checked privacypolicy***
21:02:26:260 [TestNG-tests-3] INFO  testCases.TC001_AccountRegistrationTest -****Setted conform password***
21:02:33:333 [TestNG-tests-3] INFO  testCases.TC001_AccountRegistrationTest -****clicked on no at subcribed***
21:02:42:420 [TestNG-tests-3] INFO  testCases.TC001_AccountRegistrationTest -****checked privacypolicy***
21:02:46:463 [TestNG-tests-1] INFO  testCases.TC001_AccountRegistrationTest -****Submitted the data...***
21:02:49:497 [TestNG-tests-1] INFO  testCases.TC001_AccountRegistrationTest -****finished Test--TC001_AccountRegistrationTest***
21:02:73:736 [TestNG-tests-3] INFO  testCases.TC001_AccountRegistrationTest -****Submitted the data...***
21:02:79:794 [TestNG-tests-3] INFO  testCases.TC001_AccountRegistrationTest -****finished Test--TC001_AccountRegistrationTest***
21:02:50:508 [main] DEBUG org.testng.TestNG -suiteXmlPath: "C:\Selenium-workspace\OpenCartV121\t001crossbrowsertesting.xml"
21:02:71:714 [main] INFO  org.testng.internal.Utils -[TestNG] Running:
  C:\Selenium-workspace\OpenCartV121\t001crossbrowsertesting.xml

21:02:02:025 [TestNG-tests-3] INFO  testCases.TC001_AccountRegistrationTest -****Started Test--TC001_AccountRegistrationTest***
21:02:05:050 [TestNG-tests-3] INFO  testCases.TC001_AccountRegistrationTest -****loaded driver***
21:02:09:097 [TestNG-tests-1] INFO  testCases.TC001_AccountRegistrationTest -****Started Test--TC001_AccountRegistrationTest***
21:02:09:097 [TestNG-tests-1] INFO  testCases.TC001_AccountRegistrationTest -****loaded driver***
21:02:17:172 [TestNG-tests-3] INFO  testCases.TC001_AccountRegistrationTest -****clicked on myaccount***
21:02:21:212 [TestNG-tests-1] INFO  testCases.TC001_AccountRegistrationTest -****clicked on myaccount***
21:02:57:572 [TestNG-tests-3] INFO  testCases.TC001_AccountRegistrationTest -****clicked on register***
21:02:57:575 [TestNG-tests-3] INFO  testCases.TC001_AccountRegistrationTest -****Redirected to account registration page***
21:02:64:645 [TestNG-tests-1] INFO  testCases.TC001_AccountRegistrationTest -****clicked on register***
21:02:64:646 [TestNG-tests-1] INFO  testCases.TC001_AccountRegistrationTest -****Redirected to account registration page***
21:02:67:676 [TestNG-tests-3] INFO  testCases.TC001_AccountRegistrationTest -****Setted first name***
21:02:75:753 [TestNG-tests-1] INFO  testCases.TC001_AccountRegistrationTest -****Setted first name***
21:02:76:767 [TestNG-tests-3] INFO  testCases.TC001_AccountRegistrationTest -****Setted last name***
21:02:85:850 [TestNG-tests-1] INFO  testCases.TC001_AccountRegistrationTest -****Setted last name***
21:02:85:857 [TestNG-tests-3] INFO  testCases.TC001_AccountRegistrationTest -****Setted email***
21:02:93:935 [TestNG-tests-3] INFO  testCases.TC001_AccountRegistrationTest -****Setted telephone***
21:02:95:951 [TestNG-tests-1] INFO  testCases.TC001_AccountRegistrationTest -****Setted email***
21:02:00:009 [TestNG-tests-3] INFO  testCases.TC001_AccountRegistrationTest -****Setted password***
21:02:02:027 [TestNG-tests-1] INFO  testCases.TC001_AccountRegistrationTest -****Setted telephone***
21:02:08:088 [TestNG-tests-3] INFO  testCases.TC001_AccountRegistrationTest -****Setted conform password***
21:02:11:110 [TestNG-tests-1] INFO  testCases.TC001_AccountRegistrationTest -****Setted password***
21:02:17:178 [TestNG-tests-3] INFO  testCases.TC001_AccountRegistrationTest -****clicked on no at subcribed***
21:02:19:194 [TestNG-tests-1] INFO  testCases.TC001_AccountRegistrationTest -****Setted conform password***
21:02:26:260 [TestNG-tests-3] INFO  testCases.TC001_AccountRegistrationTest -****checked privacypolicy***
21:02:27:277 [TestNG-tests-1] INFO  testCases.TC001_AccountRegistrationTest -****clicked on no at subcribed***
21:02:35:354 [TestNG-tests-1] INFO  testCases.TC001_AccountRegistrationTest -****checked privacypolicy***
21:02:25:254 [TestNG-tests-3] INFO  testCases.TC001_AccountRegistrationTest -****Submitted the data...***
21:02:28:289 [TestNG-tests-3] INFO  testCases.TC001_AccountRegistrationTest -****finished Test--TC001_AccountRegistrationTest***
21:02:59:599 [TestNG-tests-1] INFO  testCases.TC001_AccountRegistrationTest -****Submitted the data...***
21:02:65:653 [TestNG-tests-1] INFO  testCases.TC001_AccountRegistrationTest -****finished Test--TC001_AccountRegistrationTest***
21:02:12:123 [main] DEBUG org.testng.TestNG -suiteXmlPath: "C:\Selenium-workspace\OpenCartV121\t001crossbrowsertesting.xml"
21:02:31:317 [main] INFO  org.testng.internal.Utils -[TestNG] Running:
  C:\Selenium-workspace\OpenCartV121\t001crossbrowsertesting.xml

21:02:61:619 [TestNG-tests-3] INFO  testCases.TC001_AccountRegistrationTest -****Started Test--TC001_AccountRegistrationTest***
21:02:64:641 [TestNG-tests-3] INFO  testCases.TC001_AccountRegistrationTest -****loaded driver***
21:02:73:733 [TestNG-tests-3] INFO  testCases.TC001_AccountRegistrationTest -****clicked on myaccount***
21:02:36:366 [TestNG-tests-1] INFO  testCases.TC001_AccountRegistrationTest -****Started Test--TC001_AccountRegistrationTest***
21:02:36:367 [TestNG-tests-1] INFO  testCases.TC001_AccountRegistrationTest -****loaded driver***
21:02:45:455 [TestNG-tests-1] INFO  testCases.TC001_AccountRegistrationTest -****clicked on myaccount***
21:02:03:034 [TestNG-tests-3] INFO  testCases.TC001_AccountRegistrationTest -****clicked on register***
21:02:03:036 [TestNG-tests-3] INFO  testCases.TC001_AccountRegistrationTest -****Redirected to account registration page***
21:02:13:133 [TestNG-tests-3] INFO  testCases.TC001_AccountRegistrationTest -****Setted first name***
21:02:19:198 [TestNG-tests-3] INFO  testCases.TC001_AccountRegistrationTest -****Setted last name***
21:02:26:263 [TestNG-tests-3] INFO  testCases.TC001_AccountRegistrationTest -****Setted email***
21:02:31:319 [TestNG-tests-3] INFO  testCases.TC001_AccountRegistrationTest -****Setted telephone***
21:02:38:381 [TestNG-tests-3] INFO  testCases.TC001_AccountRegistrationTest -****Setted password***
21:02:44:449 [TestNG-tests-3] INFO  testCases.TC001_AccountRegistrationTest -****Setted conform password***
21:02:51:519 [TestNG-tests-3] INFO  testCases.TC001_AccountRegistrationTest -****clicked on no at subcribed***
21:02:59:596 [TestNG-tests-3] INFO  testCases.TC001_AccountRegistrationTest -****checked privacypolicy***
21:02:60:602 [TestNG-tests-1] INFO  testCases.TC001_AccountRegistrationTest -****clicked on register***
21:02:60:604 [TestNG-tests-1] INFO  testCases.TC001_AccountRegistrationTest -****Redirected to account registration page***
21:02:70:701 [TestNG-tests-1] INFO  testCases.TC001_AccountRegistrationTest -****Setted first name***
21:02:76:764 [TestNG-tests-1] INFO  testCases.TC001_AccountRegistrationTest -****Setted last name***
21:02:82:825 [TestNG-tests-1] INFO  testCases.TC001_AccountRegistrationTest -****Setted email***
21:02:89:894 [TestNG-tests-1] INFO  testCases.TC001_AccountRegistrationTest -****Setted telephone***
21:02:96:962 [TestNG-tests-1] INFO  testCases.TC001_AccountRegistrationTest -****Setted password***
21:02:02:029 [TestNG-tests-1] INFO  testCases.TC001_AccountRegistrationTest -****Setted conform password***
21:02:12:129 [TestNG-tests-1] INFO  testCases.TC001_AccountRegistrationTest -****clicked on no at subcribed***
21:02:19:198 [TestNG-tests-1] INFO  testCases.TC001_AccountRegistrationTest -****checked privacypolicy***
21:02:61:619 [TestNG-tests-1] INFO  testCases.TC001_AccountRegistrationTest -****Submitted the data...***
21:02:65:656 [TestNG-tests-1] INFO  testCases.TC001_AccountRegistrationTest -****finished Test--TC001_AccountRegistrationTest***
21:02:70:702 [TestNG-tests-3] INFO  testCases.TC001_AccountRegistrationTest -****Submitted the data...***
21:02:75:757 [TestNG-tests-3] INFO  testCases.TC001_AccountRegistrationTest -****finished Test--TC001_AccountRegistrationTest***
21:02:57:574 [main] DEBUG org.testng.TestNG -suiteXmlPath: "C:\Selenium-workspace\OpenCartV121\t001crossbrowsertesting.xml"
21:02:79:795 [main] INFO  org.testng.internal.Utils -[TestNG] Running:
  C:\Selenium-workspace\OpenCartV121\t001crossbrowsertesting.xml

21:02:14:149 [TestNG-tests-1] INFO  testCases.TC001_AccountRegistrationTest -****Started Test--TC001_AccountRegistrationTest***
21:02:17:177 [TestNG-tests-1] INFO  testCases.TC001_AccountRegistrationTest -****loaded driver***
21:02:31:311 [TestNG-tests-1] INFO  testCases.TC001_AccountRegistrationTest -****clicked on myaccount***
21:02:45:458 [TestNG-tests-3] INFO  testCases.TC001_AccountRegistrationTest -****Started Test--TC001_AccountRegistrationTest***
21:02:45:459 [TestNG-tests-3] INFO  testCases.TC001_AccountRegistrationTest -****loaded driver***
21:02:61:616 [TestNG-tests-3] INFO  testCases.TC001_AccountRegistrationTest -****clicked on myaccount***
21:02:72:723 [TestNG-tests-1] INFO  testCases.TC001_AccountRegistrationTest -****clicked on register***
21:02:72:728 [TestNG-tests-1] INFO  testCases.TC001_AccountRegistrationTest -****Redirected to account registration page***
21:02:87:873 [TestNG-tests-1] INFO  testCases.TC001_AccountRegistrationTest -****Setted first name***
21:02:96:964 [TestNG-tests-1] INFO  testCases.TC001_AccountRegistrationTest -****Setted last name***
21:02:03:037 [TestNG-tests-1] INFO  testCases.TC001_AccountRegistrationTest -****Setted email***
21:02:04:049 [TestNG-tests-3] INFO  testCases.TC001_AccountRegistrationTest -****clicked on register***
21:02:04:049 [TestNG-tests-3] INFO  testCases.TC001_AccountRegistrationTest -****Redirected to account registration page***
21:02:11:110 [TestNG-tests-1] INFO  testCases.TC001_AccountRegistrationTest -****Setted telephone***
21:02:18:185 [TestNG-tests-3] INFO  testCases.TC001_AccountRegistrationTest -****Setted first name***
21:02:18:188 [TestNG-tests-1] INFO  testCases.TC001_AccountRegistrationTest -****Setted password***
21:02:25:259 [TestNG-tests-1] INFO  testCases.TC001_AccountRegistrationTest -****Setted conform password***
21:02:27:276 [TestNG-tests-3] INFO  testCases.TC001_AccountRegistrationTest -****Setted last name***
21:02:37:376 [TestNG-tests-1] INFO  testCases.TC001_AccountRegistrationTest -****clicked on no at subcribed***
21:02:40:403 [TestNG-tests-3] INFO  testCases.TC001_AccountRegistrationTest -****Setted email***
21:02:52:528 [TestNG-tests-1] INFO  testCases.TC001_AccountRegistrationTest -****checked privacypolicy***
21:02:53:539 [TestNG-tests-3] INFO  testCases.TC001_AccountRegistrationTest -****Setted telephone***
21:02:70:705 [TestNG-tests-3] INFO  testCases.TC001_AccountRegistrationTest -****Setted password***
21:02:81:810 [TestNG-tests-3] INFO  testCases.TC001_AccountRegistrationTest -****Setted conform password***
21:02:93:935 [TestNG-tests-3] INFO  testCases.TC001_AccountRegistrationTest -****clicked on no at subcribed***
21:02:03:030 [TestNG-tests-3] INFO  testCases.TC001_AccountRegistrationTest -****checked privacypolicy***
21:02:73:736 [TestNG-tests-1] INFO  testCases.TC001_AccountRegistrationTest -****Submitted the data...***
21:02:81:813 [TestNG-tests-1] INFO  testCases.TC001_AccountRegistrationTest -****finished Test--TC001_AccountRegistrationTest***
21:02:83:830 [TestNG-tests-3] INFO  testCases.TC001_AccountRegistrationTest -****Submitted the data...***
21:02:93:932 [TestNG-tests-3] INFO  testCases.TC001_AccountRegistrationTest -****finished Test--TC001_AccountRegistrationTest***
21:02:35:358 [main] DEBUG org.testng.TestNG -suiteXmlPath: "C:\Selenium-workspace\OpenCartV121\t001crossbrowsertesting.xml"
21:02:56:561 [main] INFO  org.testng.internal.Utils -[TestNG] Running:
  C:\Selenium-workspace\OpenCartV121\t001crossbrowsertesting.xml

21:02:14:147 [TestNG-tests-1] INFO  testCases.TC001_AccountRegistrationTest -****Started Test--TC001_AccountRegistrationTest***
21:02:22:222 [TestNG-tests-1] INFO  testCases.TC001_AccountRegistrationTest -****loaded driver***
21:02:63:631 [TestNG-tests-1] INFO  testCases.TC001_AccountRegistrationTest -****clicked on myaccount***
21:02:01:016 [TestNG-tests-3] INFO  testCases.TC001_AccountRegistrationTest -****Started Test--TC001_AccountRegistrationTest***
21:02:01:017 [TestNG-tests-3] INFO  testCases.TC001_AccountRegistrationTest -****loaded driver***
21:02:14:145 [TestNG-tests-1] INFO  testCases.TC001_AccountRegistrationTest -****clicked on register***
21:02:15:151 [TestNG-tests-1] INFO  testCases.TC001_AccountRegistrationTest -****Redirected to account registration page***
21:02:23:230 [TestNG-tests-3] INFO  testCases.TC001_AccountRegistrationTest -****clicked on myaccount***
21:02:37:374 [TestNG-tests-1] INFO  testCases.TC001_AccountRegistrationTest -****Setted first name***
21:02:49:497 [TestNG-tests-1] INFO  testCases.TC001_AccountRegistrationTest -****Setted last name***
21:02:66:663 [TestNG-tests-1] INFO  testCases.TC001_AccountRegistrationTest -****Setted email***
21:02:72:729 [TestNG-tests-3] INFO  testCases.TC001_AccountRegistrationTest -****clicked on register***
21:02:73:731 [TestNG-tests-3] INFO  testCases.TC001_AccountRegistrationTest -****Redirected to account registration page***
21:02:78:789 [TestNG-tests-1] INFO  testCases.TC001_AccountRegistrationTest -****Setted telephone***
21:02:88:884 [TestNG-tests-3] INFO  testCases.TC001_AccountRegistrationTest -****Setted first name***
21:02:94:944 [TestNG-tests-1] INFO  testCases.TC001_AccountRegistrationTest -****Setted password***
21:02:03:031 [TestNG-tests-3] INFO  testCases.TC001_AccountRegistrationTest -****Setted last name***
21:02:06:060 [TestNG-tests-1] INFO  testCases.TC001_AccountRegistrationTest -****Setted conform password***
21:02:17:173 [TestNG-tests-3] INFO  testCases.TC001_AccountRegistrationTest -****Setted email***
21:02:19:191 [TestNG-tests-1] INFO  testCases.TC001_AccountRegistrationTest -****clicked on no at subcribed***
21:02:30:305 [TestNG-tests-3] INFO  testCases.TC001_AccountRegistrationTest -****Setted telephone***
21:02:32:323 [TestNG-tests-1] INFO  testCases.TC001_AccountRegistrationTest -****checked privacypolicy***
21:02:41:415 [TestNG-tests-3] INFO  testCases.TC001_AccountRegistrationTest -****Setted password***
21:02:55:555 [TestNG-tests-3] INFO  testCases.TC001_AccountRegistrationTest -****Setted conform password***
21:02:65:652 [TestNG-tests-3] INFO  testCases.TC001_AccountRegistrationTest -****clicked on no at subcribed***
21:02:75:756 [TestNG-tests-3] INFO  testCases.TC001_AccountRegistrationTest -****checked privacypolicy***
21:02:33:339 [TestNG-tests-1] INFO  testCases.TC001_AccountRegistrationTest -****Submitted the data...***
21:02:39:398 [TestNG-tests-1] INFO  testCases.TC001_AccountRegistrationTest -****finished Test--TC001_AccountRegistrationTest***
21:02:44:446 [TestNG-tests-3] INFO  testCases.TC001_AccountRegistrationTest -****Submitted the data...***
21:02:53:536 [TestNG-tests-3] INFO  testCases.TC001_AccountRegistrationTest -****finished Test--TC001_AccountRegistrationTest***
21:02:14:146 [main] DEBUG org.testng.TestNG -suiteXmlPath: "C:\Selenium-workspace\OpenCartV121\t001crossbrowsertesting.xml"
21:02:36:362 [main] INFO  org.testng.internal.Utils -[TestNG] Running:
  C:\Selenium-workspace\OpenCartV121\t001crossbrowsertesting.xml

21:02:32:323 [main] DEBUG org.testng.TestNG -suiteXmlPath: "C:\Selenium-workspace\OpenCartV121\t001crossbrowsertesting.xml"
21:02:53:533 [main] INFO  org.testng.internal.Utils -[TestNG] Running:
  C:\Selenium-workspace\OpenCartV121\t001crossbrowsertesting.xml

21:02:76:769 [main] DEBUG org.testng.TestNG -suiteXmlPath: "C:\Selenium-workspace\OpenCartV121\t001master.xml"
21:02:94:949 [main] INFO  org.testng.internal.Utils -[TestNG] Running:
  C:\Selenium-workspace\OpenCartV121\t001master.xml

21:02:08:087 [TestNG-test-Testchrome-1] INFO  testCases.TC001_AccountRegistrationTest -****Started Test--TC001_AccountRegistrationTest***
21:02:11:117 [TestNG-test-Testchrome-1] INFO  testCases.TC001_AccountRegistrationTest -****loaded driver***
21:02:19:197 [TestNG-test-Testchrome-1] INFO  testCases.TC001_AccountRegistrationTest -****clicked on myaccount***
21:02:47:477 [TestNG-test-Testchrome-1] INFO  testCases.TC001_AccountRegistrationTest -****clicked on register***
21:02:47:479 [TestNG-test-Testchrome-1] INFO  testCases.TC001_AccountRegistrationTest -****Redirected to account registration page***
21:02:55:556 [TestNG-test-Testchrome-1] INFO  testCases.TC001_AccountRegistrationTest -****Setted first name***
21:02:63:631 [TestNG-test-Testchrome-1] INFO  testCases.TC001_AccountRegistrationTest -****Setted last name***
21:02:68:689 [TestNG-test-Testchrome-1] INFO  testCases.TC001_AccountRegistrationTest -****Setted email***
21:02:75:757 [TestNG-test-Testchrome-1] INFO  testCases.TC001_AccountRegistrationTest -****Setted telephone***
21:02:81:813 [TestNG-test-Testchrome-1] INFO  testCases.TC001_AccountRegistrationTest -****Setted password***
21:02:86:868 [TestNG-test-Testchrome-1] INFO  testCases.TC001_AccountRegistrationTest -****Setted conform password***
21:02:92:929 [TestNG-test-Testchrome-1] INFO  testCases.TC001_AccountRegistrationTest -****clicked on no at subcribed***
21:02:99:994 [TestNG-test-Testchrome-1] INFO  testCases.TC001_AccountRegistrationTest -****checked privacypolicy***
21:02:72:728 [TestNG-test-Testchrome-1] INFO  testCases.TC001_AccountRegistrationTest -****Submitted the data...***
21:02:76:761 [TestNG-test-Testchrome-1] INFO  testCases.TC001_AccountRegistrationTest -****finished Test--TC001_AccountRegistrationTest***
21:02:17:176 [main] DEBUG org.testng.TestNG -suiteXmlPath: "C:\Selenium-workspace\OpenCartV121\t001crossbrowsertesting.xml"
21:02:39:393 [main] INFO  org.testng.internal.Utils -[TestNG] Running:
  C:\Selenium-workspace\OpenCartV121\t001crossbrowsertesting.xml

21:02:71:719 [TestNG-tests-2] INFO  testCases.TC001_AccountRegistrationTest -****Started Test--TC001_AccountRegistrationTest***
21:02:77:777 [TestNG-tests-2] INFO  testCases.TC001_AccountRegistrationTest -****loaded driver***
21:02:79:796 [TestNG-tests-3] INFO  testCases.TC001_AccountRegistrationTest -****Started Test--TC001_AccountRegistrationTest***
21:02:79:796 [TestNG-tests-3] INFO  testCases.TC001_AccountRegistrationTest -****loaded driver***
21:02:96:962 [TestNG-tests-1] INFO  testCases.TC001_AccountRegistrationTest -****Started Test--TC001_AccountRegistrationTest***
21:02:96:963 [TestNG-tests-1] INFO  testCases.TC001_AccountRegistrationTest -****loaded driver***
21:02:07:075 [TestNG-tests-2] INFO  testCases.TC001_AccountRegistrationTest -****clicked on myaccount***
21:02:19:196 [TestNG-tests-1] INFO  testCases.TC001_AccountRegistrationTest -****clicked on myaccount***
21:02:32:324 [TestNG-tests-3] INFO  testCases.TC001_AccountRegistrationTest -****clicked on myaccount***
21:02:88:883 [TestNG-tests-1] INFO  testCases.TC001_AccountRegistrationTest -****clicked on register***
21:02:88:886 [TestNG-tests-1] INFO  testCases.TC001_AccountRegistrationTest -****Redirected to account registration page***
21:02:02:023 [TestNG-tests-1] INFO  testCases.TC001_AccountRegistrationTest -****Setted first name***
21:02:09:099 [TestNG-tests-1] INFO  testCases.TC001_AccountRegistrationTest -****Setted last name***
21:02:15:157 [TestNG-tests-1] INFO  testCases.TC001_AccountRegistrationTest -****Setted email***
21:02:24:248 [TestNG-tests-1] INFO  testCases.TC001_AccountRegistrationTest -****Setted telephone***
21:02:30:307 [TestNG-tests-1] INFO  testCases.TC001_AccountRegistrationTest -****Setted password***
21:02:35:350 [TestNG-tests-1] INFO  testCases.TC001_AccountRegistrationTest -****Setted conform password***
21:02:48:485 [TestNG-tests-1] INFO  testCases.TC001_AccountRegistrationTest -****clicked on no at subcribed***
21:02:55:557 [TestNG-tests-3] INFO  testCases.TC001_AccountRegistrationTest -****clicked on register***
21:02:55:558 [TestNG-tests-3] INFO  testCases.TC001_AccountRegistrationTest -****Redirected to account registration page***
21:02:57:577 [TestNG-tests-1] INFO  testCases.TC001_AccountRegistrationTest -****checked privacypolicy***
21:02:65:656 [TestNG-tests-3] INFO  testCases.TC001_AccountRegistrationTest -****Setted first name***
21:02:68:688 [TestNG-tests-1] INFO  testCases.TC001_AccountRegistrationTest -****Submitted the data...***
21:02:72:727 [TestNG-tests-3] INFO  testCases.TC001_AccountRegistrationTest -****Setted last name***
21:02:73:736 [TestNG-tests-2] INFO  testCases.TC001_AccountRegistrationTest -****clicked on register***
21:02:73:738 [TestNG-tests-2] INFO  testCases.TC001_AccountRegistrationTest -****Redirected to account registration page***
21:02:79:796 [TestNG-tests-3] INFO  testCases.TC001_AccountRegistrationTest -****Setted email***
21:02:84:847 [TestNG-tests-2] INFO  testCases.TC001_AccountRegistrationTest -****Setted first name***
21:02:84:847 [TestNG-tests-3] INFO  testCases.TC001_AccountRegistrationTest -****Setted telephone***
21:02:90:900 [TestNG-tests-2] INFO  testCases.TC001_AccountRegistrationTest -****Setted last name***
21:02:94:944 [TestNG-tests-3] INFO  testCases.TC001_AccountRegistrationTest -****Setted password***
21:02:97:974 [TestNG-tests-2] INFO  testCases.TC001_AccountRegistrationTest -****Setted email***
21:02:03:032 [TestNG-tests-2] INFO  testCases.TC001_AccountRegistrationTest -****Setted telephone***
21:02:07:075 [TestNG-tests-3] INFO  testCases.TC001_AccountRegistrationTest -****Setted conform password***
21:02:11:111 [TestNG-tests-2] INFO  testCases.TC001_AccountRegistrationTest -****Setted password***
21:02:15:156 [TestNG-tests-2] INFO  testCases.TC001_AccountRegistrationTest -****Setted conform password***
21:02:23:230 [TestNG-tests-3] INFO  testCases.TC001_AccountRegistrationTest -****clicked on no at subcribed***
21:02:25:259 [TestNG-tests-2] INFO  testCases.TC001_AccountRegistrationTest -****clicked on no at subcribed***
21:02:30:305 [TestNG-tests-3] INFO  testCases.TC001_AccountRegistrationTest -****checked privacypolicy***
21:02:33:335 [TestNG-tests-2] INFO  testCases.TC001_AccountRegistrationTest -****checked privacypolicy***
21:02:34:346 [TestNG-tests-3] INFO  testCases.TC001_AccountRegistrationTest -****Submitted the data...***
21:02:37:375 [TestNG-tests-2] INFO  testCases.TC001_AccountRegistrationTest -****Submitted the data...***
21:02:44:449 [TestNG-tests-1] INFO  testCases.TC001_AccountRegistrationTest -****finished Test--TC001_AccountRegistrationTest***
21:02:80:805 [TestNG-tests-2] INFO  testCases.TC001_AccountRegistrationTest -****finished Test--TC001_AccountRegistrationTest***
21:02:03:033 [TestNG-tests-3] INFO  testCases.TC001_AccountRegistrationTest -****finished Test--TC001_AccountRegistrationTest***
21:02:93:936 [main] DEBUG org.testng.TestNG -suiteXmlPath: "C:\Selenium-workspace\OpenCartV121\t001crossbrowsertesting.xml"
21:02:12:128 [main] INFO  org.testng.internal.Utils -[TestNG] Running:
  C:\Selenium-workspace\OpenCartV121\t001crossbrowsertesting.xml

21:02:71:714 [main] INFO  testCases.TC001_AccountRegistrationTest -****Started Test--TC001_AccountRegistrationTest***
21:02:73:734 [main] INFO  testCases.TC001_AccountRegistrationTest -****loaded driver***
21:02:82:824 [main] INFO  testCases.TC001_AccountRegistrationTest -****clicked on myaccount***
21:02:15:151 [main] INFO  testCases.TC001_AccountRegistrationTest -****clicked on register***
21:02:15:153 [main] INFO  testCases.TC001_AccountRegistrationTest -****Redirected to account registration page***
21:02:19:194 [main] INFO  testCases.TC001_AccountRegistrationTest -****Setted first name***
