15:02:21:212 [TestNG-tests-2] DEBUG org.apache.poi.openxml4j.opc.PackageRelationshipCollection -Parsing relationship: /_rels/.rels
15:02:21:212 [TestNG-tests-1] DEBUG org.apache.poi.openxml4j.opc.PackageRelationshipCollection -Parsing relationship: /_rels/.rels
15:02:24:244 [TestNG-tests-1] DEBUG org.apache.poi.openxml4j.opc.PackageRelationshipCollection -Parsing relationship: /xl/_rels/workbook.xml.rels
15:02:24:245 [TestNG-tests-1] DEBUG org.apache.poi.openxml4j.opc.PackageRelationshipCollection -Parsing relationship: /xl/worksheets/_rels/sheet1.xml.rels
15:02:24:245 [TestNG-tests-1] DEBUG org.apache.poi.openxml4j.opc.PackageRelationshipCollection -Parsing relationship: /_rels/.rels
15:02:24:247 [TestNG-tests-2] DEBUG org.apache.poi.openxml4j.opc.PackageRelationshipCollection -Parsing relationship: /xl/_rels/workbook.xml.rels
15:02:24:248 [TestNG-tests-2] DEBUG org.apache.poi.openxml4j.opc.PackageRelationshipCollection -Parsing relationship: /xl/worksheets/_rels/sheet1.xml.rels
15:02:24:249 [TestNG-tests-2] DEBUG org.apache.poi.openxml4j.opc.PackageRelationshipCollection -Parsing relationship: /_rels/.rels
15:02:27:279 [TestNG-tests-2] DEBUG org.apache.poi.openxml4j.opc.PackageRelationshipCollection -Parsing relationship: /xl/_rels/workbook.xml.rels
15:02:27:279 [TestNG-tests-1] DEBUG org.apache.poi.openxml4j.opc.PackageRelationshipCollection -Parsing relationship: /xl/_rels/workbook.xml.rels
15:02:28:280 [TestNG-tests-2] DEBUG org.apache.poi.openxml4j.opc.PackageRelationshipCollection -Parsing relationship: /xl/worksheets/_rels/sheet1.xml.rels
15:02:28:280 [TestNG-tests-1] DEBUG org.apache.poi.openxml4j.opc.PackageRelationshipCollection -Parsing relationship: /xl/worksheets/_rels/sheet1.xml.rels
15:02:28:281 [TestNG-tests-2] DEBUG org.apache.poi.openxml4j.opc.PackageRelationshipCollection -Parsing relationship: /_rels/.rels
15:02:28:281 [TestNG-tests-1] DEBUG org.apache.poi.openxml4j.opc.PackageRelationshipCollection -Parsing relationship: /_rels/.rels
15:02:30:304 [TestNG-tests-2] DEBUG org.apache.poi.openxml4j.opc.PackageRelationshipCollection -Parsing relationship: /xl/_rels/workbook.xml.rels
15:02:30:304 [TestNG-tests-1] DEBUG org.apache.poi.openxml4j.opc.PackageRelationshipCollection -Parsing relationship: /xl/_rels/workbook.xml.rels
15:02:30:305 [TestNG-tests-2] DEBUG org.apache.poi.openxml4j.opc.PackageRelationshipCollection -Parsing relationship: /xl/worksheets/_rels/sheet1.xml.rels
15:02:30:305 [TestNG-tests-1] DEBUG org.apache.poi.openxml4j.opc.PackageRelationshipCollection -Parsing relationship: /xl/worksheets/_rels/sheet1.xml.rels
15:02:30:305 [TestNG-tests-2] DEBUG org.apache.poi.openxml4j.opc.PackageRelationshipCollection -Parsing relationship: /_rels/.rels
15:02:30:305 [TestNG-tests-1] DEBUG org.apache.poi.openxml4j.opc.PackageRelationshipCollection -Parsing relationship: /_rels/.rels
15:02:31:319 [TestNG-tests-2] DEBUG org.apache.poi.openxml4j.opc.PackageRelationshipCollection -Parsing relationship: /xl/_rels/workbook.xml.rels
15:02:31:319 [TestNG-tests-1] DEBUG org.apache.poi.openxml4j.opc.PackageRelationshipCollection -Parsing relationship: /xl/_rels/workbook.xml.rels
15:02:31:319 [TestNG-tests-1] DEBUG org.apache.poi.openxml4j.opc.PackageRelationshipCollection -Parsing relationship: /xl/worksheets/_rels/sheet1.xml.rels
15:02:31:319 [TestNG-tests-2] DEBUG org.apache.poi.openxml4j.opc.PackageRelationshipCollection -Parsing relationship: /xl/worksheets/_rels/sheet1.xml.rels
15:02:32:320 [TestNG-tests-2] DEBUG org.apache.poi.openxml4j.opc.PackageRelationshipCollection -Parsing relationship: /_rels/.rels
15:02:32:320 [TestNG-tests-1] DEBUG org.apache.poi.openxml4j.opc.PackageRelationshipCollection -Parsing relationship: /_rels/.rels
15:02:33:339 [TestNG-tests-1] DEBUG org.apache.poi.openxml4j.opc.PackageRelationshipCollection -Parsing relationship: /xl/_rels/workbook.xml.rels
15:02:33:339 [TestNG-tests-2] DEBUG org.apache.poi.openxml4j.opc.PackageRelationshipCollection -Parsing relationship: /xl/_rels/workbook.xml.rels
15:02:34:340 [TestNG-tests-2] DEBUG org.apache.poi.openxml4j.opc.PackageRelationshipCollection -Parsing relationship: /xl/worksheets/_rels/sheet1.xml.rels
15:02:34:340 [TestNG-tests-1] DEBUG org.apache.poi.openxml4j.opc.PackageRelationshipCollection -Parsing relationship: /xl/worksheets/_rels/sheet1.xml.rels
15:02:34:340 [TestNG-tests-2] DEBUG org.apache.poi.openxml4j.opc.PackageRelationshipCollection -Parsing relationship: /_rels/.rels
15:02:34:341 [TestNG-tests-1] DEBUG org.apache.poi.openxml4j.opc.PackageRelationshipCollection -Parsing relationship: /_rels/.rels
15:02:35:358 [TestNG-tests-1] DEBUG org.apache.poi.openxml4j.opc.PackageRelationshipCollection -Parsing relationship: /xl/_rels/workbook.xml.rels
15:02:35:358 [TestNG-tests-2] DEBUG org.apache.poi.openxml4j.opc.PackageRelationshipCollection -Parsing relationship: /xl/_rels/workbook.xml.rels
15:02:35:359 [TestNG-tests-2] DEBUG org.apache.poi.openxml4j.opc.PackageRelationshipCollection -Parsing relationship: /xl/worksheets/_rels/sheet1.xml.rels
15:02:36:361 [TestNG-tests-1] DEBUG org.apache.poi.openxml4j.opc.PackageRelationshipCollection -Parsing relationship: /xl/worksheets/_rels/sheet1.xml.rels
15:02:36:366 [TestNG-tests-2] DEBUG org.apache.poi.openxml4j.opc.PackageRelationshipCollection -Parsing relationship: /_rels/.rels
15:02:37:370 [TestNG-tests-1] DEBUG org.apache.poi.openxml4j.opc.PackageRelationshipCollection -Parsing relationship: /_rels/.rels
15:02:38:387 [TestNG-tests-2] DEBUG org.apache.poi.openxml4j.opc.PackageRelationshipCollection -Parsing relationship: /xl/_rels/workbook.xml.rels
15:02:38:387 [TestNG-tests-1] DEBUG org.apache.poi.openxml4j.opc.PackageRelationshipCollection -Parsing relationship: /xl/_rels/workbook.xml.rels
15:02:38:388 [TestNG-tests-2] DEBUG org.apache.poi.openxml4j.opc.PackageRelationshipCollection -Parsing relationship: /xl/worksheets/_rels/sheet1.xml.rels
15:02:38:388 [TestNG-tests-1] DEBUG org.apache.poi.openxml4j.opc.PackageRelationshipCollection -Parsing relationship: /xl/worksheets/_rels/sheet1.xml.rels
15:02:38:388 [TestNG-tests-1] DEBUG org.apache.poi.openxml4j.opc.PackageRelationshipCollection -Parsing relationship: /_rels/.rels
15:02:38:388 [TestNG-tests-2] DEBUG org.apache.poi.openxml4j.opc.PackageRelationshipCollection -Parsing relationship: /_rels/.rels
15:02:40:404 [TestNG-tests-1] DEBUG org.apache.poi.openxml4j.opc.PackageRelationshipCollection -Parsing relationship: /xl/_rels/workbook.xml.rels
15:02:40:404 [TestNG-tests-2] DEBUG org.apache.poi.openxml4j.opc.PackageRelationshipCollection -Parsing relationship: /xl/_rels/workbook.xml.rels
15:02:40:405 [TestNG-tests-1] DEBUG org.apache.poi.openxml4j.opc.PackageRelationshipCollection -Parsing relationship: /xl/worksheets/_rels/sheet1.xml.rels
15:02:40:405 [TestNG-tests-2] DEBUG org.apache.poi.openxml4j.opc.PackageRelationshipCollection -Parsing relationship: /xl/worksheets/_rels/sheet1.xml.rels
15:02:40:405 [TestNG-tests-1] DEBUG org.apache.poi.openxml4j.opc.PackageRelationshipCollection -Parsing relationship: /_rels/.rels
15:02:40:405 [TestNG-tests-2] DEBUG org.apache.poi.openxml4j.opc.PackageRelationshipCollection -Parsing relationship: /_rels/.rels
15:02:42:423 [TestNG-tests-1] DEBUG org.apache.poi.openxml4j.opc.PackageRelationshipCollection -Parsing relationship: /xl/_rels/workbook.xml.rels
15:02:42:423 [TestNG-tests-2] DEBUG org.apache.poi.openxml4j.opc.PackageRelationshipCollection -Parsing relationship: /xl/_rels/workbook.xml.rels
15:02:42:424 [TestNG-tests-2] DEBUG org.apache.poi.openxml4j.opc.PackageRelationshipCollection -Parsing relationship: /xl/worksheets/_rels/sheet1.xml.rels
15:02:42:424 [TestNG-tests-1] DEBUG org.apache.poi.openxml4j.opc.PackageRelationshipCollection -Parsing relationship: /xl/worksheets/_rels/sheet1.xml.rels
15:02:42:425 [TestNG-tests-2] DEBUG org.apache.poi.openxml4j.opc.PackageRelationshipCollection -Parsing relationship: /_rels/.rels
15:02:42:425 [TestNG-tests-1] DEBUG org.apache.poi.openxml4j.opc.PackageRelationshipCollection -Parsing relationship: /_rels/.rels
15:02:44:443 [TestNG-tests-1] DEBUG org.apache.poi.openxml4j.opc.PackageRelationshipCollection -Parsing relationship: /xl/_rels/workbook.xml.rels
15:02:44:443 [TestNG-tests-2] DEBUG org.apache.poi.openxml4j.opc.PackageRelationshipCollection -Parsing relationship: /xl/_rels/workbook.xml.rels
15:02:44:444 [TestNG-tests-1] DEBUG org.apache.poi.openxml4j.opc.PackageRelationshipCollection -Parsing relationship: /xl/worksheets/_rels/sheet1.xml.rels
15:02:44:444 [TestNG-tests-2] DEBUG org.apache.poi.openxml4j.opc.PackageRelationshipCollection -Parsing relationship: /xl/worksheets/_rels/sheet1.xml.rels
15:02:44:445 [TestNG-tests-1] DEBUG org.apache.poi.openxml4j.opc.PackageRelationshipCollection -Parsing relationship: /_rels/.rels
15:02:44:445 [TestNG-tests-2] DEBUG org.apache.poi.openxml4j.opc.PackageRelationshipCollection -Parsing relationship: /_rels/.rels
15:02:46:465 [TestNG-tests-2] DEBUG org.apache.poi.openxml4j.opc.PackageRelationshipCollection -Parsing relationship: /xl/_rels/workbook.xml.rels
15:02:46:465 [TestNG-tests-1] DEBUG org.apache.poi.openxml4j.opc.PackageRelationshipCollection -Parsing relationship: /xl/_rels/workbook.xml.rels
15:02:46:466 [TestNG-tests-2] DEBUG org.apache.poi.openxml4j.opc.PackageRelationshipCollection -Parsing relationship: /xl/worksheets/_rels/sheet1.xml.rels
15:02:46:466 [TestNG-tests-1] DEBUG org.apache.poi.openxml4j.opc.PackageRelationshipCollection -Parsing relationship: /xl/worksheets/_rels/sheet1.xml.rels
15:02:46:466 [TestNG-tests-2] DEBUG org.apache.poi.openxml4j.opc.PackageRelationshipCollection -Parsing relationship: /_rels/.rels
15:02:46:466 [TestNG-tests-1] DEBUG org.apache.poi.openxml4j.opc.PackageRelationshipCollection -Parsing relationship: /_rels/.rels
15:02:48:483 [TestNG-tests-1] DEBUG org.apache.poi.openxml4j.opc.PackageRelationshipCollection -Parsing relationship: /xl/_rels/workbook.xml.rels
15:02:48:483 [TestNG-tests-2] DEBUG org.apache.poi.openxml4j.opc.PackageRelationshipCollection -Parsing relationship: /xl/_rels/workbook.xml.rels
15:02:48:485 [TestNG-tests-2] DEBUG org.apache.poi.openxml4j.opc.PackageRelationshipCollection -Parsing relationship: /xl/worksheets/_rels/sheet1.xml.rels
15:02:48:485 [TestNG-tests-1] DEBUG org.apache.poi.openxml4j.opc.PackageRelationshipCollection -Parsing relationship: /xl/worksheets/_rels/sheet1.xml.rels
15:02:48:485 [TestNG-tests-1] DEBUG org.apache.poi.openxml4j.opc.PackageRelationshipCollection -Parsing relationship: /_rels/.rels
15:02:48:485 [TestNG-tests-2] DEBUG org.apache.poi.openxml4j.opc.PackageRelationshipCollection -Parsing relationship: /_rels/.rels
15:02:54:542 [TestNG-tests-2] INFO  testCases.TC_003_LoginDDT -***Starting of Test--TC003_LoginDDT***
15:02:54:542 [TestNG-tests-1] INFO  testCases.TC_003_LoginDDT -***Starting of Test--TC003_LoginDDT***
15:02:56:564 [TestNG-tests-2] INFO  testCases.TC_003_LoginDDT -opened home page
15:02:56:564 [TestNG-tests-1] INFO  testCases.TC_003_LoginDDT -opened home page
15:02:67:674 [TestNG-tests-2] INFO  testCases.TC_003_LoginDDT -clicked on login
15:02:68:685 [TestNG-tests-1] INFO  testCases.TC_003_LoginDDT -clicked on login
15:02:12:125 [TestNG-tests-2] INFO  testCases.TC_003_LoginDDT -Entered the data
15:02:17:178 [TestNG-tests-1] INFO  testCases.TC_003_LoginDDT -Entered the data
15:02:81:818 [TestNG-tests-3] DEBUG org.apache.poi.openxml4j.opc.PackageRelationshipCollection -Parsing relationship: /xl/_rels/workbook.xml.rels
15:02:81:819 [TestNG-tests-3] DEBUG org.apache.poi.openxml4j.opc.PackageRelationshipCollection -Parsing relationship: /xl/worksheets/_rels/sheet1.xml.rels
15:02:82:820 [TestNG-tests-3] DEBUG org.apache.poi.openxml4j.opc.PackageRelationshipCollection -Parsing relationship: /_rels/.rels
15:02:84:842 [TestNG-tests-3] DEBUG org.apache.poi.openxml4j.opc.PackageRelationshipCollection -Parsing relationship: /xl/_rels/workbook.xml.rels
15:02:84:843 [TestNG-tests-3] DEBUG org.apache.poi.openxml4j.opc.PackageRelationshipCollection -Parsing relationship: /xl/worksheets/_rels/sheet1.xml.rels
15:02:84:844 [TestNG-tests-3] DEBUG org.apache.poi.openxml4j.opc.PackageRelationshipCollection -Parsing relationship: /_rels/.rels
15:02:87:875 [TestNG-tests-3] DEBUG org.apache.poi.openxml4j.opc.PackageRelationshipCollection -Parsing relationship: /xl/_rels/workbook.xml.rels
15:02:87:876 [TestNG-tests-3] DEBUG org.apache.poi.openxml4j.opc.PackageRelationshipCollection -Parsing relationship: /xl/worksheets/_rels/sheet1.xml.rels
15:02:87:877 [TestNG-tests-3] DEBUG org.apache.poi.openxml4j.opc.PackageRelationshipCollection -Parsing relationship: /_rels/.rels
15:02:89:892 [TestNG-tests-3] DEBUG org.apache.poi.openxml4j.opc.PackageRelationshipCollection -Parsing relationship: /xl/_rels/workbook.xml.rels
15:02:89:893 [TestNG-tests-3] DEBUG org.apache.poi.openxml4j.opc.PackageRelationshipCollection -Parsing relationship: /xl/worksheets/_rels/sheet1.xml.rels
15:02:89:893 [TestNG-tests-3] DEBUG org.apache.poi.openxml4j.opc.PackageRelationshipCollection -Parsing relationship: /_rels/.rels
15:02:90:907 [TestNG-tests-3] DEBUG org.apache.poi.openxml4j.opc.PackageRelationshipCollection -Parsing relationship: /xl/_rels/workbook.xml.rels
15:02:90:908 [TestNG-tests-3] DEBUG org.apache.poi.openxml4j.opc.PackageRelationshipCollection -Parsing relationship: /xl/worksheets/_rels/sheet1.xml.rels
15:02:90:908 [TestNG-tests-3] DEBUG org.apache.poi.openxml4j.opc.PackageRelationshipCollection -Parsing relationship: /_rels/.rels
15:02:92:925 [TestNG-tests-3] DEBUG org.apache.poi.openxml4j.opc.PackageRelationshipCollection -Parsing relationship: /xl/_rels/workbook.xml.rels
15:02:92:926 [TestNG-tests-3] DEBUG org.apache.poi.openxml4j.opc.PackageRelationshipCollection -Parsing relationship: /xl/worksheets/_rels/sheet1.xml.rels
15:02:92:927 [TestNG-tests-3] DEBUG org.apache.poi.openxml4j.opc.PackageRelationshipCollection -Parsing relationship: /_rels/.rels
15:02:93:936 [TestNG-tests-3] DEBUG org.apache.poi.openxml4j.opc.PackageRelationshipCollection -Parsing relationship: /xl/_rels/workbook.xml.rels
15:02:93:937 [TestNG-tests-3] DEBUG org.apache.poi.openxml4j.opc.PackageRelationshipCollection -Parsing relationship: /xl/worksheets/_rels/sheet1.xml.rels
15:02:93:937 [TestNG-tests-3] DEBUG org.apache.poi.openxml4j.opc.PackageRelationshipCollection -Parsing relationship: /_rels/.rels
15:02:94:947 [TestNG-tests-3] DEBUG org.apache.poi.openxml4j.opc.PackageRelationshipCollection -Parsing relationship: /xl/_rels/workbook.xml.rels
15:02:94:947 [TestNG-tests-3] DEBUG org.apache.poi.openxml4j.opc.PackageRelationshipCollection -Parsing relationship: /xl/worksheets/_rels/sheet1.xml.rels
15:02:94:949 [TestNG-tests-3] DEBUG org.apache.poi.openxml4j.opc.PackageRelationshipCollection -Parsing relationship: /_rels/.rels
15:02:95:957 [TestNG-tests-3] DEBUG org.apache.poi.openxml4j.opc.PackageRelationshipCollection -Parsing relationship: /xl/_rels/workbook.xml.rels
15:02:95:957 [TestNG-tests-3] DEBUG org.apache.poi.openxml4j.opc.PackageRelationshipCollection -Parsing relationship: /xl/worksheets/_rels/sheet1.xml.rels
15:02:95:959 [TestNG-tests-3] DEBUG org.apache.poi.openxml4j.opc.PackageRelationshipCollection -Parsing relationship: /_rels/.rels
15:02:97:974 [TestNG-tests-3] DEBUG org.apache.poi.openxml4j.opc.PackageRelationshipCollection -Parsing relationship: /xl/_rels/workbook.xml.rels
15:02:97:976 [TestNG-tests-3] DEBUG org.apache.poi.openxml4j.opc.PackageRelationshipCollection -Parsing relationship: /xl/worksheets/_rels/sheet1.xml.rels
15:02:97:977 [TestNG-tests-3] DEBUG org.apache.poi.openxml4j.opc.PackageRelationshipCollection -Parsing relationship: /_rels/.rels
15:02:99:992 [TestNG-tests-3] DEBUG org.apache.poi.openxml4j.opc.PackageRelationshipCollection -Parsing relationship: /xl/_rels/workbook.xml.rels
15:02:99:993 [TestNG-tests-3] DEBUG org.apache.poi.openxml4j.opc.PackageRelationshipCollection -Parsing relationship: /xl/worksheets/_rels/sheet1.xml.rels
15:02:99:993 [TestNG-tests-3] DEBUG org.apache.poi.openxml4j.opc.PackageRelationshipCollection -Parsing relationship: /_rels/.rels
15:02:00:007 [TestNG-tests-3] DEBUG org.apache.poi.openxml4j.opc.PackageRelationshipCollection -Parsing relationship: /xl/_rels/workbook.xml.rels
15:02:00:008 [TestNG-tests-3] DEBUG org.apache.poi.openxml4j.opc.PackageRelationshipCollection -Parsing relationship: /xl/worksheets/_rels/sheet1.xml.rels
15:02:00:008 [TestNG-tests-3] DEBUG org.apache.poi.openxml4j.opc.PackageRelationshipCollection -Parsing relationship: /_rels/.rels
15:02:02:020 [TestNG-tests-3] DEBUG org.apache.poi.openxml4j.opc.PackageRelationshipCollection -Parsing relationship: /xl/_rels/workbook.xml.rels
15:02:02:021 [TestNG-tests-3] DEBUG org.apache.poi.openxml4j.opc.PackageRelationshipCollection -Parsing relationship: /xl/worksheets/_rels/sheet1.xml.rels
15:02:02:021 [TestNG-tests-3] DEBUG org.apache.poi.openxml4j.opc.PackageRelationshipCollection -Parsing relationship: /_rels/.rels
15:02:03:035 [TestNG-tests-3] DEBUG org.apache.poi.openxml4j.opc.PackageRelationshipCollection -Parsing relationship: /xl/_rels/workbook.xml.rels
15:02:03:037 [TestNG-tests-3] DEBUG org.apache.poi.openxml4j.opc.PackageRelationshipCollection -Parsing relationship: /xl/worksheets/_rels/sheet1.xml.rels
15:02:03:038 [TestNG-tests-3] DEBUG org.apache.poi.openxml4j.opc.PackageRelationshipCollection -Parsing relationship: /_rels/.rels
15:02:05:052 [TestNG-tests-3] INFO  testCases.TC_003_LoginDDT -***Starting of Test--TC003_LoginDDT***
15:02:05:053 [TestNG-tests-3] INFO  testCases.TC_003_LoginDDT -opened home page
15:02:19:193 [TestNG-tests-3] INFO  testCases.TC_003_LoginDDT -clicked on login
15:02:47:474 [TestNG-tests-3] INFO  testCases.TC_003_LoginDDT -Entered the data
15:02:27:274 [TestNG-tests-2] INFO  testCases.TC_003_LoginDDT -***Starting of Test--TC003_LoginDDT***
15:02:27:274 [TestNG-tests-2] INFO  testCases.TC_003_LoginDDT -opened home page
15:02:31:310 [TestNG-tests-1] INFO  testCases.TC_003_LoginDDT -***Starting of Test--TC003_LoginDDT***
15:02:31:310 [TestNG-tests-1] INFO  testCases.TC_003_LoginDDT -opened home page
15:02:33:336 [TestNG-tests-2] INFO  testCases.TC_003_LoginDDT -clicked on login
15:02:40:402 [TestNG-tests-1] INFO  testCases.TC_003_LoginDDT -clicked on login
15:02:72:727 [TestNG-tests-1] INFO  testCases.TC_003_LoginDDT -Entered the data
15:02:76:769 [TestNG-tests-2] INFO  testCases.TC_003_LoginDDT -Entered the data
15:02:93:934 [TestNG-tests-1] INFO  testCases.TC_003_LoginDDT -logging out
15:02:93:934 [TestNG-tests-1] INFO  testCases.TC_003_LoginDDT -**Test--TC003_LoginDDT Finished***
15:02:93:937 [TestNG-tests-1] INFO  testCases.TC_003_LoginDDT -***Starting of Test--TC003_LoginDDT***
15:02:93:938 [TestNG-tests-1] INFO  testCases.TC_003_LoginDDT -opened home page
15:02:99:997 [TestNG-tests-2] INFO  testCases.TC_003_LoginDDT -logging out
15:02:99:997 [TestNG-tests-2] INFO  testCases.TC_003_LoginDDT -**Test--TC003_LoginDDT Finished***
15:02:00:001 [TestNG-tests-2] INFO  testCases.TC_003_LoginDDT -***Starting of Test--TC003_LoginDDT***
15:02:00:001 [TestNG-tests-2] INFO  testCases.TC_003_LoginDDT -opened home page
15:02:00:008 [TestNG-tests-1] INFO  testCases.TC_003_LoginDDT -clicked on login
15:02:07:073 [TestNG-tests-2] INFO  testCases.TC_003_LoginDDT -clicked on login
15:02:30:306 [TestNG-tests-1] INFO  testCases.TC_003_LoginDDT -Entered the data
15:02:37:378 [TestNG-tests-2] INFO  testCases.TC_003_LoginDDT -Entered the data
15:02:44:444 [TestNG-tests-3] INFO  testCases.TC_003_LoginDDT -***Starting of Test--TC003_LoginDDT***
15:02:44:445 [TestNG-tests-3] INFO  testCases.TC_003_LoginDDT -opened home page
15:02:53:534 [TestNG-tests-3] INFO  testCases.TC_003_LoginDDT -clicked on login
15:02:92:929 [TestNG-tests-3] INFO  testCases.TC_003_LoginDDT -Entered the data
15:02:54:548 [TestNG-tests-1] INFO  testCases.TC_003_LoginDDT -***Starting of Test--TC003_LoginDDT***
15:02:54:549 [TestNG-tests-1] INFO  testCases.TC_003_LoginDDT -opened home page
15:02:63:631 [TestNG-tests-1] INFO  testCases.TC_003_LoginDDT -clicked on login
15:02:69:699 [TestNG-tests-2] INFO  testCases.TC_003_LoginDDT -***Starting of Test--TC003_LoginDDT***
15:02:69:699 [TestNG-tests-2] INFO  testCases.TC_003_LoginDDT -opened home page
15:02:78:788 [TestNG-tests-2] INFO  testCases.TC_003_LoginDDT -clicked on login
15:02:96:969 [TestNG-tests-1] INFO  testCases.TC_003_LoginDDT -Entered the data
15:02:12:122 [TestNG-tests-2] INFO  testCases.TC_003_LoginDDT -Entered the data
15:02:59:596 [TestNG-tests-1] INFO  testCases.TC_003_LoginDDT -logging out
15:02:59:596 [TestNG-tests-1] INFO  testCases.TC_003_LoginDDT -**Test--TC003_LoginDDT Finished***
15:02:61:612 [TestNG-tests-2] INFO  testCases.TC_003_LoginDDT -logging out
15:02:61:612 [TestNG-tests-2] INFO  testCases.TC_003_LoginDDT -**Test--TC003_LoginDDT Finished***
15:02:32:320 [TestNG-tests-3] INFO  testCases.TC_003_LoginDDT -***Starting of Test--TC003_LoginDDT***
15:02:32:320 [TestNG-tests-3] INFO  testCases.TC_003_LoginDDT -opened home page
15:02:40:409 [TestNG-tests-3] INFO  testCases.TC_003_LoginDDT -clicked on login
15:02:74:741 [TestNG-tests-3] INFO  testCases.TC_003_LoginDDT -Entered the data
15:02:69:698 [TestNG-tests-3] INFO  testCases.TC_003_LoginDDT -***Starting of Test--TC003_LoginDDT***
15:02:69:699 [TestNG-tests-3] INFO  testCases.TC_003_LoginDDT -opened home page
15:02:78:788 [TestNG-tests-3] INFO  testCases.TC_003_LoginDDT -clicked on login
15:02:07:079 [TestNG-tests-3] INFO  testCases.TC_003_LoginDDT -Entered the data
15:02:28:286 [main] DEBUG org.testng.TestNG -suiteXmlPath: "C:\Selenium-workspace\OpenCartV121\t003crossbrowsertesting.xml"
15:02:48:480 [main] INFO  org.testng.internal.Utils -[TestNG] Running:
  C:\Selenium-workspace\OpenCartV121\t003crossbrowsertesting.xml

15:02:38:380 [TestNG-tests-1] DEBUG org.apache.poi.openxml4j.opc.PackageRelationshipCollection -Parsing relationship: /xl/_rels/workbook.xml.rels
15:02:38:380 [TestNG-tests-2] DEBUG org.apache.poi.openxml4j.opc.PackageRelationshipCollection -Parsing relationship: /xl/_rels/workbook.xml.rels
15:02:38:384 [TestNG-tests-1] DEBUG org.apache.poi.openxml4j.opc.PackageRelationshipCollection -Parsing relationship: /xl/worksheets/_rels/sheet1.xml.rels
15:02:38:384 [TestNG-tests-2] DEBUG org.apache.poi.openxml4j.opc.PackageRelationshipCollection -Parsing relationship: /xl/worksheets/_rels/sheet1.xml.rels
15:02:38:388 [TestNG-tests-1] DEBUG org.apache.poi.openxml4j.opc.PackageRelationshipCollection -Parsing relationship: /_rels/.rels
15:02:38:388 [TestNG-tests-2] DEBUG org.apache.poi.openxml4j.opc.PackageRelationshipCollection -Parsing relationship: /_rels/.rels
15:02:83:833 [TestNG-tests-2] DEBUG org.apache.poi.openxml4j.opc.PackageRelationshipCollection -Parsing relationship: /xl/_rels/workbook.xml.rels
15:02:83:833 [TestNG-tests-1] DEBUG org.apache.poi.openxml4j.opc.PackageRelationshipCollection -Parsing relationship: /xl/_rels/workbook.xml.rels
15:02:83:834 [TestNG-tests-1] DEBUG org.apache.poi.openxml4j.opc.PackageRelationshipCollection -Parsing relationship: /xl/worksheets/_rels/sheet1.xml.rels
15:02:83:834 [TestNG-tests-2] DEBUG org.apache.poi.openxml4j.opc.PackageRelationshipCollection -Parsing relationship: /xl/worksheets/_rels/sheet1.xml.rels
15:02:83:835 [TestNG-tests-2] DEBUG org.apache.poi.openxml4j.opc.PackageRelationshipCollection -Parsing relationship: /_rels/.rels
15:02:83:835 [TestNG-tests-1] DEBUG org.apache.poi.openxml4j.opc.PackageRelationshipCollection -Parsing relationship: /_rels/.rels
15:02:85:857 [TestNG-tests-2] DEBUG org.apache.poi.openxml4j.opc.PackageRelationshipCollection -Parsing relationship: /xl/_rels/workbook.xml.rels
15:02:85:857 [TestNG-tests-1] DEBUG org.apache.poi.openxml4j.opc.PackageRelationshipCollection -Parsing relationship: /xl/_rels/workbook.xml.rels
15:02:85:858 [TestNG-tests-1] DEBUG org.apache.poi.openxml4j.opc.PackageRelationshipCollection -Parsing relationship: /xl/worksheets/_rels/sheet1.xml.rels
15:02:85:858 [TestNG-tests-2] DEBUG org.apache.poi.openxml4j.opc.PackageRelationshipCollection -Parsing relationship: /xl/worksheets/_rels/sheet1.xml.rels
15:02:85:858 [TestNG-tests-1] DEBUG org.apache.poi.openxml4j.opc.PackageRelationshipCollection -Parsing relationship: /_rels/.rels
15:02:85:859 [TestNG-tests-2] DEBUG org.apache.poi.openxml4j.opc.PackageRelationshipCollection -Parsing relationship: /_rels/.rels
15:02:88:887 [TestNG-tests-2] DEBUG org.apache.poi.openxml4j.opc.PackageRelationshipCollection -Parsing relationship: /xl/_rels/workbook.xml.rels
15:02:88:887 [TestNG-tests-1] DEBUG org.apache.poi.openxml4j.opc.PackageRelationshipCollection -Parsing relationship: /xl/_rels/workbook.xml.rels
15:02:88:888 [TestNG-tests-2] DEBUG org.apache.poi.openxml4j.opc.PackageRelationshipCollection -Parsing relationship: /xl/worksheets/_rels/sheet1.xml.rels
15:02:88:888 [TestNG-tests-1] DEBUG org.apache.poi.openxml4j.opc.PackageRelationshipCollection -Parsing relationship: /xl/worksheets/_rels/sheet1.xml.rels
15:02:88:889 [TestNG-tests-2] DEBUG org.apache.poi.openxml4j.opc.PackageRelationshipCollection -Parsing relationship: /_rels/.rels
15:02:88:889 [TestNG-tests-1] DEBUG org.apache.poi.openxml4j.opc.PackageRelationshipCollection -Parsing relationship: /_rels/.rels
15:02:91:911 [TestNG-tests-1] DEBUG org.apache.poi.openxml4j.opc.PackageRelationshipCollection -Parsing relationship: /xl/_rels/workbook.xml.rels
15:02:91:911 [TestNG-tests-2] DEBUG org.apache.poi.openxml4j.opc.PackageRelationshipCollection -Parsing relationship: /xl/_rels/workbook.xml.rels
15:02:91:912 [TestNG-tests-2] DEBUG org.apache.poi.openxml4j.opc.PackageRelationshipCollection -Parsing relationship: /xl/worksheets/_rels/sheet1.xml.rels
15:02:91:912 [TestNG-tests-1] DEBUG org.apache.poi.openxml4j.opc.PackageRelationshipCollection -Parsing relationship: /xl/worksheets/_rels/sheet1.xml.rels
15:02:91:913 [TestNG-tests-1] DEBUG org.apache.poi.openxml4j.opc.PackageRelationshipCollection -Parsing relationship: /_rels/.rels
15:02:91:913 [TestNG-tests-2] DEBUG org.apache.poi.openxml4j.opc.PackageRelationshipCollection -Parsing relationship: /_rels/.rels
15:02:93:931 [TestNG-tests-1] DEBUG org.apache.poi.openxml4j.opc.PackageRelationshipCollection -Parsing relationship: /xl/_rels/workbook.xml.rels
15:02:93:931 [TestNG-tests-2] DEBUG org.apache.poi.openxml4j.opc.PackageRelationshipCollection -Parsing relationship: /xl/_rels/workbook.xml.rels
15:02:93:931 [TestNG-tests-1] DEBUG org.apache.poi.openxml4j.opc.PackageRelationshipCollection -Parsing relationship: /xl/worksheets/_rels/sheet1.xml.rels
15:02:93:931 [TestNG-tests-2] DEBUG org.apache.poi.openxml4j.opc.PackageRelationshipCollection -Parsing relationship: /xl/worksheets/_rels/sheet1.xml.rels
15:02:93:932 [TestNG-tests-1] DEBUG org.apache.poi.openxml4j.opc.PackageRelationshipCollection -Parsing relationship: /_rels/.rels
15:02:93:932 [TestNG-tests-2] DEBUG org.apache.poi.openxml4j.opc.PackageRelationshipCollection -Parsing relationship: /_rels/.rels
15:02:94:948 [TestNG-tests-1] DEBUG org.apache.poi.openxml4j.opc.PackageRelationshipCollection -Parsing relationship: /xl/_rels/workbook.xml.rels
15:02:94:948 [TestNG-tests-2] DEBUG org.apache.poi.openxml4j.opc.PackageRelationshipCollection -Parsing relationship: /xl/_rels/workbook.xml.rels
15:02:94:949 [TestNG-tests-2] DEBUG org.apache.poi.openxml4j.opc.PackageRelationshipCollection -Parsing relationship: /xl/worksheets/_rels/sheet1.xml.rels
15:02:94:949 [TestNG-tests-1] DEBUG org.apache.poi.openxml4j.opc.PackageRelationshipCollection -Parsing relationship: /xl/worksheets/_rels/sheet1.xml.rels
15:02:95:950 [TestNG-tests-1] DEBUG org.apache.poi.openxml4j.opc.PackageRelationshipCollection -Parsing relationship: /_rels/.rels
15:02:95:950 [TestNG-tests-2] DEBUG org.apache.poi.openxml4j.opc.PackageRelationshipCollection -Parsing relationship: /_rels/.rels
15:02:97:971 [TestNG-tests-1] DEBUG org.apache.poi.openxml4j.opc.PackageRelationshipCollection -Parsing relationship: /xl/_rels/workbook.xml.rels
15:02:97:971 [TestNG-tests-2] DEBUG org.apache.poi.openxml4j.opc.PackageRelationshipCollection -Parsing relationship: /xl/_rels/workbook.xml.rels
15:02:97:972 [TestNG-tests-2] DEBUG org.apache.poi.openxml4j.opc.PackageRelationshipCollection -Parsing relationship: /xl/worksheets/_rels/sheet1.xml.rels
15:02:97:972 [TestNG-tests-1] DEBUG org.apache.poi.openxml4j.opc.PackageRelationshipCollection -Parsing relationship: /xl/worksheets/_rels/sheet1.xml.rels
15:02:97:973 [TestNG-tests-2] DEBUG org.apache.poi.openxml4j.opc.PackageRelationshipCollection -Parsing relationship: /_rels/.rels
15:02:97:973 [TestNG-tests-1] DEBUG org.apache.poi.openxml4j.opc.PackageRelationshipCollection -Parsing relationship: /_rels/.rels
15:02:99:995 [TestNG-tests-1] DEBUG org.apache.poi.openxml4j.opc.PackageRelationshipCollection -Parsing relationship: /xl/_rels/workbook.xml.rels
15:02:99:995 [TestNG-tests-2] DEBUG org.apache.poi.openxml4j.opc.PackageRelationshipCollection -Parsing relationship: /xl/_rels/workbook.xml.rels
15:02:99:996 [TestNG-tests-1] DEBUG org.apache.poi.openxml4j.opc.PackageRelationshipCollection -Parsing relationship: /xl/worksheets/_rels/sheet1.xml.rels
15:02:99:996 [TestNG-tests-2] DEBUG org.apache.poi.openxml4j.opc.PackageRelationshipCollection -Parsing relationship: /xl/worksheets/_rels/sheet1.xml.rels
15:02:99:997 [TestNG-tests-1] DEBUG org.apache.poi.openxml4j.opc.PackageRelationshipCollection -Parsing relationship: /_rels/.rels
15:02:99:997 [TestNG-tests-2] DEBUG org.apache.poi.openxml4j.opc.PackageRelationshipCollection -Parsing relationship: /_rels/.rels
15:02:01:012 [TestNG-tests-1] DEBUG org.apache.poi.openxml4j.opc.PackageRelationshipCollection -Parsing relationship: /xl/_rels/workbook.xml.rels
15:02:01:012 [TestNG-tests-2] DEBUG org.apache.poi.openxml4j.opc.PackageRelationshipCollection -Parsing relationship: /xl/_rels/workbook.xml.rels
15:02:01:013 [TestNG-tests-1] DEBUG org.apache.poi.openxml4j.opc.PackageRelationshipCollection -Parsing relationship: /xl/worksheets/_rels/sheet1.xml.rels
15:02:01:013 [TestNG-tests-2] DEBUG org.apache.poi.openxml4j.opc.PackageRelationshipCollection -Parsing relationship: /xl/worksheets/_rels/sheet1.xml.rels
15:02:01:013 [TestNG-tests-1] DEBUG org.apache.poi.openxml4j.opc.PackageRelationshipCollection -Parsing relationship: /_rels/.rels
15:02:01:013 [TestNG-tests-2] DEBUG org.apache.poi.openxml4j.opc.PackageRelationshipCollection -Parsing relationship: /_rels/.rels
15:02:02:028 [TestNG-tests-1] DEBUG org.apache.poi.openxml4j.opc.PackageRelationshipCollection -Parsing relationship: /xl/_rels/workbook.xml.rels
15:02:02:028 [TestNG-tests-2] DEBUG org.apache.poi.openxml4j.opc.PackageRelationshipCollection -Parsing relationship: /xl/_rels/workbook.xml.rels
15:02:02:029 [TestNG-tests-1] DEBUG org.apache.poi.openxml4j.opc.PackageRelationshipCollection -Parsing relationship: /xl/worksheets/_rels/sheet1.xml.rels
15:02:02:029 [TestNG-tests-2] DEBUG org.apache.poi.openxml4j.opc.PackageRelationshipCollection -Parsing relationship: /xl/worksheets/_rels/sheet1.xml.rels
15:02:02:029 [TestNG-tests-1] DEBUG org.apache.poi.openxml4j.opc.PackageRelationshipCollection -Parsing relationship: /_rels/.rels
15:02:02:029 [TestNG-tests-2] DEBUG org.apache.poi.openxml4j.opc.PackageRelationshipCollection -Parsing relationship: /_rels/.rels
15:02:07:071 [TestNG-tests-1] DEBUG org.apache.poi.openxml4j.opc.PackageRelationshipCollection -Parsing relationship: /xl/_rels/workbook.xml.rels
15:02:07:073 [TestNG-tests-1] DEBUG org.apache.poi.openxml4j.opc.PackageRelationshipCollection -Parsing relationship: /xl/worksheets/_rels/sheet1.xml.rels
15:02:07:073 [TestNG-tests-1] DEBUG org.apache.poi.openxml4j.opc.PackageRelationshipCollection -Parsing relationship: /_rels/.rels
15:02:07:073 [TestNG-tests-2] DEBUG org.apache.poi.openxml4j.opc.PackageRelationshipCollection -Parsing relationship: /xl/_rels/workbook.xml.rels
15:02:07:074 [TestNG-tests-2] DEBUG org.apache.poi.openxml4j.opc.PackageRelationshipCollection -Parsing relationship: /xl/worksheets/_rels/sheet1.xml.rels
15:02:07:074 [TestNG-tests-2] DEBUG org.apache.poi.openxml4j.opc.PackageRelationshipCollection -Parsing relationship: /_rels/.rels
15:02:08:089 [TestNG-tests-2] DEBUG org.apache.poi.openxml4j.opc.PackageRelationshipCollection -Parsing relationship: /xl/_rels/workbook.xml.rels
15:02:08:089 [TestNG-tests-1] DEBUG org.apache.poi.openxml4j.opc.PackageRelationshipCollection -Parsing relationship: /xl/_rels/workbook.xml.rels
15:02:09:090 [TestNG-tests-1] DEBUG org.apache.poi.openxml4j.opc.PackageRelationshipCollection -Parsing relationship: /xl/worksheets/_rels/sheet1.xml.rels
15:02:09:090 [TestNG-tests-2] DEBUG org.apache.poi.openxml4j.opc.PackageRelationshipCollection -Parsing relationship: /xl/worksheets/_rels/sheet1.xml.rels
15:02:09:091 [TestNG-tests-2] DEBUG org.apache.poi.openxml4j.opc.PackageRelationshipCollection -Parsing relationship: /_rels/.rels
15:02:09:091 [TestNG-tests-1] DEBUG org.apache.poi.openxml4j.opc.PackageRelationshipCollection -Parsing relationship: /_rels/.rels
15:02:10:109 [TestNG-tests-2] DEBUG org.apache.poi.openxml4j.opc.PackageRelationshipCollection -Parsing relationship: /xl/_rels/workbook.xml.rels
15:02:10:109 [TestNG-tests-1] DEBUG org.apache.poi.openxml4j.opc.PackageRelationshipCollection -Parsing relationship: /xl/_rels/workbook.xml.rels
15:02:11:110 [TestNG-tests-2] DEBUG org.apache.poi.openxml4j.opc.PackageRelationshipCollection -Parsing relationship: /xl/worksheets/_rels/sheet1.xml.rels
15:02:11:110 [TestNG-tests-1] DEBUG org.apache.poi.openxml4j.opc.PackageRelationshipCollection -Parsing relationship: /xl/worksheets/_rels/sheet1.xml.rels
15:02:11:111 [TestNG-tests-1] DEBUG org.apache.poi.openxml4j.opc.PackageRelationshipCollection -Parsing relationship: /_rels/.rels
15:02:11:111 [TestNG-tests-2] DEBUG org.apache.poi.openxml4j.opc.PackageRelationshipCollection -Parsing relationship: /_rels/.rels
15:02:13:139 [TestNG-tests-2] INFO  testCases.TC_003_LoginDDT -***Starting of Test--TC003_LoginDDT***
15:02:13:139 [TestNG-tests-1] INFO  testCases.TC_003_LoginDDT -***Starting of Test--TC003_LoginDDT***
15:02:16:160 [TestNG-tests-2] INFO  testCases.TC_003_LoginDDT -opened home page
15:02:16:160 [TestNG-tests-1] INFO  testCases.TC_003_LoginDDT -opened home page
15:02:26:267 [TestNG-tests-1] INFO  testCases.TC_003_LoginDDT -clicked on login
15:02:31:316 [TestNG-tests-2] INFO  testCases.TC_003_LoginDDT -clicked on login
15:02:63:636 [TestNG-tests-1] INFO  testCases.TC_003_LoginDDT -Entered the data
15:02:73:734 [TestNG-tests-2] INFO  testCases.TC_003_LoginDDT -Entered the data
15:02:42:423 [TestNG-tests-3] DEBUG org.apache.poi.openxml4j.opc.PackageRelationshipCollection -Parsing relationship: /xl/_rels/workbook.xml.rels
15:02:42:425 [TestNG-tests-3] DEBUG org.apache.poi.openxml4j.opc.PackageRelationshipCollection -Parsing relationship: /xl/worksheets/_rels/sheet1.xml.rels
15:02:42:426 [TestNG-tests-3] DEBUG org.apache.poi.openxml4j.opc.PackageRelationshipCollection -Parsing relationship: /_rels/.rels
15:02:44:442 [TestNG-tests-3] DEBUG org.apache.poi.openxml4j.opc.PackageRelationshipCollection -Parsing relationship: /xl/_rels/workbook.xml.rels
15:02:44:444 [TestNG-tests-3] DEBUG org.apache.poi.openxml4j.opc.PackageRelationshipCollection -Parsing relationship: /xl/worksheets/_rels/sheet1.xml.rels
15:02:44:445 [TestNG-tests-3] DEBUG org.apache.poi.openxml4j.opc.PackageRelationshipCollection -Parsing relationship: /_rels/.rels
15:02:46:466 [TestNG-tests-3] DEBUG org.apache.poi.openxml4j.opc.PackageRelationshipCollection -Parsing relationship: /xl/_rels/workbook.xml.rels
15:02:46:466 [TestNG-tests-3] DEBUG org.apache.poi.openxml4j.opc.PackageRelationshipCollection -Parsing relationship: /xl/worksheets/_rels/sheet1.xml.rels
15:02:46:467 [TestNG-tests-3] DEBUG org.apache.poi.openxml4j.opc.PackageRelationshipCollection -Parsing relationship: /_rels/.rels
15:02:49:492 [TestNG-tests-3] DEBUG org.apache.poi.openxml4j.opc.PackageRelationshipCollection -Parsing relationship: /xl/_rels/workbook.xml.rels
15:02:49:493 [TestNG-tests-3] DEBUG org.apache.poi.openxml4j.opc.PackageRelationshipCollection -Parsing relationship: /xl/worksheets/_rels/sheet1.xml.rels
15:02:49:493 [TestNG-tests-3] DEBUG org.apache.poi.openxml4j.opc.PackageRelationshipCollection -Parsing relationship: /_rels/.rels
15:02:51:510 [TestNG-tests-3] DEBUG org.apache.poi.openxml4j.opc.PackageRelationshipCollection -Parsing relationship: /xl/_rels/workbook.xml.rels
15:02:51:511 [TestNG-tests-3] DEBUG org.apache.poi.openxml4j.opc.PackageRelationshipCollection -Parsing relationship: /xl/worksheets/_rels/sheet1.xml.rels
15:02:51:512 [TestNG-tests-3] DEBUG org.apache.poi.openxml4j.opc.PackageRelationshipCollection -Parsing relationship: /_rels/.rels
15:02:52:528 [TestNG-tests-3] DEBUG org.apache.poi.openxml4j.opc.PackageRelationshipCollection -Parsing relationship: /xl/_rels/workbook.xml.rels
15:02:52:528 [TestNG-tests-3] DEBUG org.apache.poi.openxml4j.opc.PackageRelationshipCollection -Parsing relationship: /xl/worksheets/_rels/sheet1.xml.rels
15:02:52:529 [TestNG-tests-3] DEBUG org.apache.poi.openxml4j.opc.PackageRelationshipCollection -Parsing relationship: /_rels/.rels
15:02:54:543 [TestNG-tests-3] DEBUG org.apache.poi.openxml4j.opc.PackageRelationshipCollection -Parsing relationship: /xl/_rels/workbook.xml.rels
15:02:54:545 [TestNG-tests-3] DEBUG org.apache.poi.openxml4j.opc.PackageRelationshipCollection -Parsing relationship: /xl/worksheets/_rels/sheet1.xml.rels
15:02:54:545 [TestNG-tests-3] DEBUG org.apache.poi.openxml4j.opc.PackageRelationshipCollection -Parsing relationship: /_rels/.rels
15:02:55:559 [TestNG-tests-3] DEBUG org.apache.poi.openxml4j.opc.PackageRelationshipCollection -Parsing relationship: /xl/_rels/workbook.xml.rels
15:02:56:560 [TestNG-tests-3] DEBUG org.apache.poi.openxml4j.opc.PackageRelationshipCollection -Parsing relationship: /xl/worksheets/_rels/sheet1.xml.rels
15:02:56:560 [TestNG-tests-3] DEBUG org.apache.poi.openxml4j.opc.PackageRelationshipCollection -Parsing relationship: /_rels/.rels
15:02:57:573 [TestNG-tests-3] DEBUG org.apache.poi.openxml4j.opc.PackageRelationshipCollection -Parsing relationship: /xl/_rels/workbook.xml.rels
15:02:57:573 [TestNG-tests-3] DEBUG org.apache.poi.openxml4j.opc.PackageRelationshipCollection -Parsing relationship: /xl/worksheets/_rels/sheet1.xml.rels
15:02:57:574 [TestNG-tests-3] DEBUG org.apache.poi.openxml4j.opc.PackageRelationshipCollection -Parsing relationship: /_rels/.rels
15:02:58:587 [TestNG-tests-3] DEBUG org.apache.poi.openxml4j.opc.PackageRelationshipCollection -Parsing relationship: /xl/_rels/workbook.xml.rels
15:02:58:588 [TestNG-tests-3] DEBUG org.apache.poi.openxml4j.opc.PackageRelationshipCollection -Parsing relationship: /xl/worksheets/_rels/sheet1.xml.rels
15:02:58:588 [TestNG-tests-3] DEBUG org.apache.poi.openxml4j.opc.PackageRelationshipCollection -Parsing relationship: /_rels/.rels
15:02:59:599 [TestNG-tests-3] DEBUG org.apache.poi.openxml4j.opc.PackageRelationshipCollection -Parsing relationship: /xl/_rels/workbook.xml.rels
15:02:60:600 [TestNG-tests-3] DEBUG org.apache.poi.openxml4j.opc.PackageRelationshipCollection -Parsing relationship: /xl/worksheets/_rels/sheet1.xml.rels
15:02:60:600 [TestNG-tests-3] DEBUG org.apache.poi.openxml4j.opc.PackageRelationshipCollection -Parsing relationship: /_rels/.rels
15:02:61:613 [TestNG-tests-3] DEBUG org.apache.poi.openxml4j.opc.PackageRelationshipCollection -Parsing relationship: /xl/_rels/workbook.xml.rels
15:02:61:614 [TestNG-tests-3] DEBUG org.apache.poi.openxml4j.opc.PackageRelationshipCollection -Parsing relationship: /xl/worksheets/_rels/sheet1.xml.rels
15:02:61:614 [TestNG-tests-3] DEBUG org.apache.poi.openxml4j.opc.PackageRelationshipCollection -Parsing relationship: /_rels/.rels
15:02:62:626 [TestNG-tests-3] DEBUG org.apache.poi.openxml4j.opc.PackageRelationshipCollection -Parsing relationship: /xl/_rels/workbook.xml.rels
15:02:62:626 [TestNG-tests-3] DEBUG org.apache.poi.openxml4j.opc.PackageRelationshipCollection -Parsing relationship: /xl/worksheets/_rels/sheet1.xml.rels
15:02:62:627 [TestNG-tests-3] DEBUG org.apache.poi.openxml4j.opc.PackageRelationshipCollection -Parsing relationship: /_rels/.rels
15:02:64:640 [TestNG-tests-3] DEBUG org.apache.poi.openxml4j.opc.PackageRelationshipCollection -Parsing relationship: /xl/_rels/workbook.xml.rels
15:02:64:641 [TestNG-tests-3] DEBUG org.apache.poi.openxml4j.opc.PackageRelationshipCollection -Parsing relationship: /xl/worksheets/_rels/sheet1.xml.rels
15:02:64:643 [TestNG-tests-3] DEBUG org.apache.poi.openxml4j.opc.PackageRelationshipCollection -Parsing relationship: /_rels/.rels
15:02:65:652 [TestNG-tests-3] INFO  testCases.TC_003_LoginDDT -***Starting of Test--TC003_LoginDDT***
15:02:65:652 [TestNG-tests-3] INFO  testCases.TC_003_LoginDDT -opened home page
15:02:76:760 [TestNG-tests-3] INFO  testCases.TC_003_LoginDDT -clicked on login
15:02:14:149 [TestNG-tests-3] INFO  testCases.TC_003_LoginDDT -Entered the data
15:02:35:355 [TestNG-tests-1] INFO  testCases.TC_003_LoginDDT -***Starting of Test--TC003_LoginDDT***
15:02:35:355 [TestNG-tests-1] INFO  testCases.TC_003_LoginDDT -opened home page
15:02:41:418 [TestNG-tests-1] INFO  testCases.TC_003_LoginDDT -clicked on login
15:02:50:500 [TestNG-tests-2] INFO  testCases.TC_003_LoginDDT -***Starting of Test--TC003_LoginDDT***
15:02:50:500 [TestNG-tests-2] INFO  testCases.TC_003_LoginDDT -opened home page
15:02:56:564 [TestNG-tests-2] INFO  testCases.TC_003_LoginDDT -clicked on login
15:02:68:682 [TestNG-tests-1] INFO  testCases.TC_003_LoginDDT -Entered the data
15:02:84:847 [TestNG-tests-2] INFO  testCases.TC_003_LoginDDT -Entered the data
15:02:89:899 [TestNG-tests-1] INFO  testCases.TC_003_LoginDDT -logging out
15:02:90:900 [TestNG-tests-1] INFO  testCases.TC_003_LoginDDT -**Test--TC003_LoginDDT Finished***
15:02:90:903 [TestNG-tests-1] INFO  testCases.TC_003_LoginDDT -***Starting of Test--TC003_LoginDDT***
15:02:90:903 [TestNG-tests-1] INFO  testCases.TC_003_LoginDDT -opened home page
15:02:96:967 [TestNG-tests-2] INFO  testCases.TC_003_LoginDDT -logging out
15:02:96:968 [TestNG-tests-2] INFO  testCases.TC_003_LoginDDT -**Test--TC003_LoginDDT Finished***
15:02:97:973 [TestNG-tests-2] INFO  testCases.TC_003_LoginDDT -***Starting of Test--TC003_LoginDDT***
15:02:97:973 [TestNG-tests-2] INFO  testCases.TC_003_LoginDDT -opened home page
15:02:97:974 [TestNG-tests-1] INFO  testCases.TC_003_LoginDDT -clicked on login
15:02:99:992 [TestNG-tests-3] INFO  testCases.TC_003_LoginDDT -***Starting of Test--TC003_LoginDDT***
15:02:99:993 [TestNG-tests-3] INFO  testCases.TC_003_LoginDDT -opened home page
15:02:05:057 [TestNG-tests-2] INFO  testCases.TC_003_LoginDDT -clicked on login
15:02:07:079 [TestNG-tests-3] INFO  testCases.TC_003_LoginDDT -clicked on login
15:02:32:328 [TestNG-tests-1] INFO  testCases.TC_003_LoginDDT -Entered the data
15:02:47:477 [TestNG-tests-2] INFO  testCases.TC_003_LoginDDT -Entered the data
15:02:49:499 [TestNG-tests-3] INFO  testCases.TC_003_LoginDDT -Entered the data
15:02:16:169 [TestNG-tests-1] INFO  testCases.TC_003_LoginDDT -***Starting of Test--TC003_LoginDDT***
15:02:17:170 [TestNG-tests-1] INFO  testCases.TC_003_LoginDDT -opened home page
15:02:24:243 [TestNG-tests-2] INFO  testCases.TC_003_LoginDDT -***Starting of Test--TC003_LoginDDT***
15:02:24:244 [TestNG-tests-2] INFO  testCases.TC_003_LoginDDT -opened home page
15:02:25:250 [TestNG-tests-1] INFO  testCases.TC_003_LoginDDT -clicked on login
15:02:33:331 [TestNG-tests-2] INFO  testCases.TC_003_LoginDDT -clicked on login
15:02:61:611 [TestNG-tests-1] INFO  testCases.TC_003_LoginDDT -Entered the data
15:02:63:632 [TestNG-tests-2] INFO  testCases.TC_003_LoginDDT -Entered the data
15:02:25:251 [TestNG-tests-1] INFO  testCases.TC_003_LoginDDT -logging out
15:02:25:251 [TestNG-tests-1] INFO  testCases.TC_003_LoginDDT -**Test--TC003_LoginDDT Finished***
15:02:48:481 [TestNG-tests-2] INFO  testCases.TC_003_LoginDDT -logging out
15:02:48:481 [TestNG-tests-2] INFO  testCases.TC_003_LoginDDT -**Test--TC003_LoginDDT Finished***
15:02:48:489 [TestNG-tests-3] INFO  testCases.TC_003_LoginDDT -***Starting of Test--TC003_LoginDDT***
15:02:48:489 [TestNG-tests-3] INFO  testCases.TC_003_LoginDDT -opened home page
15:02:57:579 [TestNG-tests-3] INFO  testCases.TC_003_LoginDDT -clicked on login
15:02:77:771 [TestNG-tests-3] INFO  testCases.TC_003_LoginDDT -Entered the data
15:02:13:131 [TestNG-tests-3] INFO  testCases.TC_003_LoginDDT -***Starting of Test--TC003_LoginDDT***
15:02:13:132 [TestNG-tests-3] INFO  testCases.TC_003_LoginDDT -opened home page
15:02:20:206 [TestNG-tests-3] INFO  testCases.TC_003_LoginDDT -clicked on login
15:02:45:455 [TestNG-tests-3] INFO  testCases.TC_003_LoginDDT -Entered the data
15:02:18:186 [main] DEBUG org.testng.TestNG -suiteXmlPath: "C:\Selenium-workspace\OpenCartV121\t002crossbrowsertesting.xml"
15:02:39:397 [main] INFO  org.testng.internal.Utils -[TestNG] Running:
  C:\Selenium-workspace\OpenCartV121\t002crossbrowsertesting.xml

15:02:28:283 [TestNG-tests-1] INFO  testCases.TC002_LoginTest -***Starting of Test--TC002_LoginTest***
15:02:28:283 [TestNG-tests-2] INFO  testCases.TC002_LoginTest -***Starting of Test--TC002_LoginTest***
15:02:33:336 [TestNG-tests-2] INFO  testCases.TC002_LoginTest -opened home page
15:02:33:336 [TestNG-tests-1] INFO  testCases.TC002_LoginTest -opened home page
15:02:57:575 [TestNG-tests-2] INFO  testCases.TC002_LoginTest -clicked on login
15:02:59:597 [TestNG-tests-1] INFO  testCases.TC002_LoginTest -clicked on login
15:02:00:002 [TestNG-tests-2] INFO  testCases.TC002_LoginTest -Entered the data
15:02:06:064 [TestNG-tests-1] INFO  testCases.TC002_LoginTest -Entered the data
15:02:78:785 [TestNG-tests-2] INFO  testCases.TC002_LoginTest -Test-TC002 passed
15:02:78:786 [TestNG-tests-2] INFO  testCases.TC002_LoginTest -**Test-2 Finished***
15:02:79:793 [TestNG-tests-1] INFO  testCases.TC002_LoginTest -Test-TC002 passed
15:02:79:793 [TestNG-tests-1] INFO  testCases.TC002_LoginTest -**Test-2 Finished***
15:02:10:108 [TestNG-tests-3] INFO  testCases.TC002_LoginTest -***Starting of Test--TC002_LoginTest***
15:02:10:108 [TestNG-tests-3] INFO  testCases.TC002_LoginTest -opened home page
15:02:23:237 [TestNG-tests-3] INFO  testCases.TC002_LoginTest -clicked on login
15:02:52:523 [TestNG-tests-3] INFO  testCases.TC002_LoginTest -Entered the data
15:02:50:509 [TestNG-tests-3] INFO  testCases.TC002_LoginTest -Test-TC002 passed
15:02:51:510 [TestNG-tests-3] INFO  testCases.TC002_LoginTest -**Test-2 Finished***
15:02:78:781 [main] DEBUG org.testng.TestNG -suiteXmlPath: "C:\Selenium-workspace\OpenCartV121\grouping.xml"
15:02:99:990 [main] INFO  org.testng.internal.Utils -[TestNG] Running:
  C:\Selenium-workspace\OpenCartV121\grouping.xml

15:02:70:709 [TestNG-test-Testchrome-2] INFO  testCases.TC002_LoginTest -***Starting of Test--TC002_LoginTest***
15:02:70:709 [TestNG-test-Testchrome-1] INFO  testCases.TC001_AccountRegistrationTest -****Started Test--TC001_AccountRegistrationTest***
15:02:72:729 [TestNG-test-Testchrome-1] INFO  testCases.TC001_AccountRegistrationTest -****loaded driver***
15:02:72:729 [TestNG-test-Testchrome-2] INFO  testCases.TC002_LoginTest -opened home page
15:02:80:806 [TestNG-test-Testchrome-1] INFO  testCases.TC001_AccountRegistrationTest -****clicked on myaccount***
15:02:84:843 [TestNG-test-Testchrome-2] INFO  testCases.TC002_LoginTest -clicked on login
15:02:66:663 [main] DEBUG org.testng.TestNG -suiteXmlPath: "C:\Selenium-workspace\OpenCartV121\grouping.xml"
15:02:85:855 [main] INFO  org.testng.internal.Utils -[TestNG] Running:
  C:\Selenium-workspace\OpenCartV121\grouping.xml

15:02:72:723 [TestNG-test-Testchrome-1] INFO  testCases.TC001_AccountRegistrationTest -****Started Test--TC001_AccountRegistrationTest***
15:02:72:723 [TestNG-test-Testchrome-2] INFO  testCases.TC002_LoginTest -***Starting of Test--TC002_LoginTest***
15:02:74:748 [TestNG-test-Testchrome-2] INFO  testCases.TC002_LoginTest -opened home page
15:02:74:748 [TestNG-test-Testchrome-1] INFO  testCases.TC001_AccountRegistrationTest -****loaded driver***
15:02:82:821 [TestNG-test-Testchrome-2] INFO  testCases.TC002_LoginTest -clicked on login
15:02:87:872 [TestNG-test-Testchrome-1] INFO  testCases.TC001_AccountRegistrationTest -****clicked on myaccount***
15:02:05:059 [main] DEBUG org.testng.TestNG -suiteXmlPath: "C:\Selenium-workspace\OpenCartV121\grouping.xml"
15:02:25:257 [main] INFO  org.testng.internal.Utils -[TestNG] Running:
  C:\Selenium-workspace\OpenCartV121\grouping.xml

15:02:95:955 [TestNG-test-Testchrome-2] INFO  testCases.TC002_LoginTest -***Starting of Test--TC002_LoginTest***
15:02:95:955 [TestNG-test-Testchrome-1] INFO  testCases.TC001_AccountRegistrationTest -****Started Test--TC001_AccountRegistrationTest***
15:02:97:976 [TestNG-test-Testchrome-1] INFO  testCases.TC001_AccountRegistrationTest -****loaded driver***
15:02:97:976 [TestNG-test-Testchrome-2] INFO  testCases.TC002_LoginTest -opened home page
15:02:05:052 [TestNG-test-Testchrome-2] INFO  testCases.TC002_LoginTest -clicked on login
15:02:11:119 [TestNG-test-Testchrome-1] INFO  testCases.TC001_AccountRegistrationTest -****clicked on myaccount***
16:02:94:949 [main] DEBUG org.testng.TestNG -suiteXmlPath: "C:\Selenium-workspace\OpenCartV121\grouping.xml"
16:02:15:159 [main] INFO  org.testng.internal.Utils -[TestNG] Running:
  C:\Selenium-workspace\OpenCartV121\grouping.xml

16:02:36:360 [main] DEBUG org.testng.TestNG -suiteXmlPath: "C:\Users\IA480~1.SAI\AppData\Local\Temp\testng-eclipse-951750697\testng-customsuite.xml"
16:02:52:528 [main] INFO  org.testng.internal.Utils -[Utils] MethodGroupsHelper.collectMethodsByGroup() took 1 ms.
